<?xml version="1.0" encoding="UTF-8"?>
<!-- Generated by org.testng.reporters.JUnitXMLReporter -->
<testsuite hostname="Tanyas-MacBook-Air.local" ignored="7" name="MultiplicationDivisionTest" tests="7" failures="1" timestamp="14 Dec 2017 05:58:02 GMT" time="0.007" errors="0">
  <testcase name="testLongMult" time="0.0" classname="com.epam.testng.tests.MultLongsTest"/>
  <testcase name="testLongMult" time="0.001" classname="com.epam.testng.tests.MultLongsTest"/>
  <testcase name="testLongMult" time="0.001" classname="com.epam.testng.tests.MultLongsTest"/>
  <testcase name="divideNegativeAndPositiveValues" time="0.0" classname="com.epam.testng.tests.DivLongsTest"/>
  <testcase name="divideNegativeValues" time="0.0" classname="com.epam.testng.tests.DivLongsTest"/>
  <testcase name="checkDivisionByZeroThrowsException" time="0.001" classname="com.epam.testng.tests.DivLongsTest"/>
  <testcase name="dividePositiveValues" time="0.001" classname="com.epam.testng.tests.DivLongsTest">
    <failure type="java.lang.AssertionError" message="Invalid result of operation expected [2.666666666666667] but found [2]">
      <![CDATA[java.lang.AssertionError: Invalid result of operation expected [2.666666666666667] but found [2]at com.epam.testng.tests.DivLongsTest.dividePositiveValues(DivLongsTest.java:10)at java.util.concurrent.ThreadPoolExecutor.runWorker(ThreadPoolExecutor.java:1149)at java.util.concurrent.ThreadPoolExecutor$Worker.run(ThreadPoolExecutor.java:624)at java.lang.Thread.run(Thread.java:748)... Removed 14 stack frames]]>
    </failure>
  </testcase> <!-- dividePositiveValues -->
  <testcase name="divideByZero" time="0.0" classname="com.epam.testng.tests.DivDoublesTest">
    <ignored/>
  </testcase> <!-- divideByZero -->
  <testcase name="divideNegativeAndPositiveValues" time="0.0" classname="com.epam.testng.tests.DivDoublesTest">
    <ignored/>
  </testcase> <!-- divideNegativeAndPositiveValues -->
  <testcase name="dividePositiveValues" time="0.0" classname="com.epam.testng.tests.DivDoublesTest">
    <ignored/>
  </testcase> <!-- dividePositiveValues -->
  <testcase name="divideNegativeValues" time="0.0" classname="com.epam.testng.tests.DivDoublesTest">
    <ignored/>
  </testcase> <!-- divideNegativeValues -->
  <testcase name="testLongMult" time="0.0" classname="com.epam.testng.tests.MultDoublesTest">
    <ignored/>
  </testcase> <!-- testLongMult -->
  <testcase name="testLongMult" time="0.0" classname="com.epam.testng.tests.MultDoublesTest">
    <ignored/>
  </testcase> <!-- testLongMult -->
  <testcase name="testLongMult" time="0.0" classname="com.epam.testng.tests.MultDoublesTest">
    <ignored/>
  </testcase> <!-- testLongMult -->
</testsuite> <!-- MultiplicationDivisionTest -->
