<?xml version="1.0" encoding="UTF-8"?>
<!-- Generated by org.testng.reporters.JUnitXMLReporter -->
<testsuite hostname="Tanyas-MacBook-Air.local" ignored="10" name="MultiplicationTest" tests="2" failures="1" timestamp="15 Dec 2017 19:23:34 GMT" time="0.013" errors="0">
  <testcase name="multNegativeLongs" time="0.002" classname="com.epam.testng.basictests.BasicMultLongsTest">
    <failure type="java.lang.AssertionError" message="Invalid operation result expected [8.507059173023462E37] but found [1]">
      <![CDATA[java.lang.AssertionError: Invalid operation result expected [8.507059173023462E37] but found [1]at com.epam.testng.basictests.BasicMultLongsTest.multNegativeLongs(BasicMultLongsTest.java:20)at java.util.concurrent.ThreadPoolExecutor.runWorker(ThreadPoolExecutor.java:1149)at java.util.concurrent.ThreadPoolExecutor$Worker.run(ThreadPoolExecutor.java:624)at java.lang.Thread.run(Thread.java:748)... Removed 14 stack frames]]>
    </failure>
  </testcase> <!-- multNegativeLongs -->
  <testcase name="multNegativeLongs" time="0.004" classname="com.epam.testng.basictests.BasicMultDoublesTest"/>
  <testcase name="multNegativeaAndPositiveLongs" time="0.0" classname="com.epam.testng.basictests.BasicMultDoublesTest">
    <ignored/>
  </testcase> <!-- multNegativeaAndPositiveLongs -->
  <testcase name="multPositiveLongs" time="0.0" classname="com.epam.testng.basictests.BasicMultLongsTest">
    <ignored/>
  </testcase> <!-- multPositiveLongs -->
  <testcase name="multNegativeaAndPositiveLongs" time="0.0" classname="com.epam.testng.basictests.BasicMultLongsTest">
    <ignored/>
  </testcase> <!-- multNegativeaAndPositiveLongs -->
  <testcase name="testDoublesMult" time="0.0" classname="com.epam.testng.parameterizedtests.MultDoublesTest">
    <ignored/>
  </testcase> <!-- testDoublesMult -->
  <testcase name="testDoublesMult" time="0.0" classname="com.epam.testng.parameterizedtests.MultDoublesTest">
    <ignored/>
  </testcase> <!-- testDoublesMult -->
  <testcase name="testDoublesMult" time="0.0" classname="com.epam.testng.parameterizedtests.MultDoublesTest">
    <ignored/>
  </testcase> <!-- testDoublesMult -->
  <testcase name="testLongMult" time="0.0" classname="com.epam.testng.parameterizedtests.MultLongsTest">
    <ignored/>
  </testcase> <!-- testLongMult -->
  <testcase name="testLongMult" time="0.0" classname="com.epam.testng.parameterizedtests.MultLongsTest">
    <ignored/>
  </testcase> <!-- testLongMult -->
  <testcase name="testLongMult" time="0.0" classname="com.epam.testng.parameterizedtests.MultLongsTest">
    <ignored/>
  </testcase> <!-- testLongMult -->
  <testcase name="multPositiveDoubles" time="0.0" classname="com.epam.testng.basictests.BasicMultDoublesTest">
    <ignored/>
  </testcase> <!-- multPositiveDoubles -->
</testsuite> <!-- MultiplicationTest -->
