<?xml version="1.0" encoding="UTF-8"?>
<!-- Generated by org.testng.reporters.JUnitXMLReporter -->
<testsuite hostname="Tanyas-MacBook-Air.local" ignored="3" name="PositivesTest" tests="5" failures="0" timestamp="15 Dec 2017 11:24:03 GMT" time="0.007" errors="0">
  <testcase name="checkValuePositive" time="0.0" classname="com.epam.testng.parameterizedtests.PositiveNumbersTest"/>
  <testcase name="checkValuePositive" time="0.0" classname="com.epam.testng.parameterizedtests.PositiveNumbersTest"/>
  <testcase name="checkValuePositive" time="0.0" classname="com.epam.testng.parameterizedtests.PositiveNumbersTest"/>
  <testcase name="checkValuePositive" time="0.0" classname="com.epam.testng.parameterizedtests.PositiveNumbersTest"/>
  <testcase name="checkValuePositive" time="0.0" classname="com.epam.testng.parameterizedtests.PositiveNumbersTest"/>
  <testcase name="checkValuePositive" time="0.0" classname="com.epam.testng.basictests.BasicPositiveNumbersTest">
    <ignored/>
  </testcase> <!-- checkValuePositive -->
  <testcase name="checkValueNegative" time="0.0" classname="com.epam.testng.basictests.BasicPositiveNumbersTest">
    <ignored/>
  </testcase> <!-- checkValueNegative -->
  <testcase name="checkZero" time="0.0" classname="com.epam.testng.basictests.BasicPositiveNumbersTest">
    <ignored/>
  </testcase> <!-- checkZero -->
</testsuite> <!-- PositivesTest -->
