<?xml version="1.0" encoding="UTF-8"?>
<!-- Generated by org.testng.reporters.JUnitXMLReporter -->
<testsuite hostname="Tanyas-MacBook-Air.local" ignored="8" name="PowerTest" tests="1" failures="0" timestamp="15 Dec 2017 19:24:14 GMT" time="0.008" errors="0">
  <testcase name="testPowNegativeTwo" time="0.003" classname="com.epam.testng.basictests.BasicPowTest"/>
  <testcase name="testPowTwo" time="0.0" classname="com.epam.testng.basictests.BasicPowTest">
    <ignored/>
  </testcase> <!-- testPowTwo -->
  <testcase name="testPowOne" time="0.0" classname="com.epam.testng.basictests.BasicPowTest">
    <ignored/>
  </testcase> <!-- testPowOne -->
  <testcase name="testPowTwoOfRation" time="0.0" classname="com.epam.testng.basictests.BasicPowTest">
    <ignored/>
  </testcase> <!-- testPowTwoOfRation -->
  <testcase name="testPower" time="0.0" classname="com.epam.testng.parameterizedtests.PowTest">
    <ignored/>
  </testcase> <!-- testPower -->
  <testcase name="testPower" time="0.0" classname="com.epam.testng.parameterizedtests.PowTest">
    <ignored/>
  </testcase> <!-- testPower -->
  <testcase name="testPower" time="0.0" classname="com.epam.testng.parameterizedtests.PowTest">
    <ignored/>
  </testcase> <!-- testPower -->
  <testcase name="testPower" time="0.0" classname="com.epam.testng.parameterizedtests.PowTest">
    <ignored/>
  </testcase> <!-- testPower -->
  <testcase name="testPower" time="0.0" classname="com.epam.testng.parameterizedtests.PowTest">
    <ignored/>
  </testcase> <!-- testPower -->
</testsuite> <!-- PowerTest -->
