<?xml version="1.0" encoding="UTF-8"?>
<!-- Generated by org.testng.reporters.JUnitXMLReporter -->
<testsuite hostname="Tanyas-MacBook-Air.local" ignored="6" name="SinusTest" tests="1" failures="0" timestamp="15 Dec 2017 11:23:43 GMT" time="0.003" errors="0">
  <testcase name="testFullRotationAngle" time="0.0" classname="com.epam.testng.basictests.BasicSinTest"/>
  <testcase name="testAnotherAngle" time="0.0" classname="com.epam.testng.basictests.BasicSinTest">
    <ignored/>
  </testcase> <!-- testAnotherAngle -->
  <testcase name="testNegativeAngle" time="0.0" classname="com.epam.testng.basictests.BasicSinTest">
    <ignored/>
  </testcase> <!-- testNegativeAngle -->
  <testcase name="testZeroAngle" time="0.0" classname="com.epam.testng.basictests.BasicSinTest">
    <ignored/>
  </testcase> <!-- testZeroAngle -->
  <testcase name="testAngles" time="0.0" classname="com.epam.testng.parameterizedtests.SinTest">
    <ignored/>
  </testcase> <!-- testAngles -->
  <testcase name="testAngles" time="0.0" classname="com.epam.testng.parameterizedtests.SinTest">
    <ignored/>
  </testcase> <!-- testAngles -->
  <testcase name="testAngles" time="0.0" classname="com.epam.testng.parameterizedtests.SinTest">
    <ignored/>
  </testcase> <!-- testAngles -->
</testsuite> <!-- SinusTest -->
