<?xml version="1.0" encoding="UTF-8"?>
<!-- Generated by org.testng.reporters.JUnitXMLReporter -->
<testsuite hostname="Tanyas-MacBook-Air.local" ignored="5" name="SquareRootTest" tests="1" failures="0" timestamp="15 Dec 2017 19:24:19 GMT" time="0.005" errors="0">
  <testcase name="testZero" time="0.001" classname="com.epam.testng.basictests.BasicSqrtTest"/>
  <testcase name="testLongMult" time="0.0" classname="com.epam.testng.parameterizedtests.SqrtTest">
    <ignored/>
  </testcase> <!-- testLongMult -->
  <testcase name="testLongMult" time="0.0" classname="com.epam.testng.parameterizedtests.SqrtTest">
    <ignored/>
  </testcase> <!-- testLongMult -->
  <testcase name="testLongMult" time="0.0" classname="com.epam.testng.parameterizedtests.SqrtTest">
    <ignored/>
  </testcase> <!-- testLongMult -->
  <testcase name="testPositiveNumbers" time="0.0" classname="com.epam.testng.basictests.BasicSqrtTest">
    <ignored/>
  </testcase> <!-- testPositiveNumbers -->
  <testcase name="testNegativeNumbers" time="0.0" classname="com.epam.testng.basictests.BasicSqrtTest">
    <ignored/>
  </testcase> <!-- testNegativeNumbers -->
</testsuite> <!-- SquareRootTest -->
