<?xml version="1.0" encoding="UTF-8"?>
<!-- Generated by org.testng.reporters.JUnitXMLReporter -->
<testsuite hostname="Tanyas-MacBook-Air.local" ignored="10" name="SubtractionTest" tests="6" failures="3" timestamp="15 Dec 2017 19:23:29 GMT" time="0.025" errors="0">
  <testcase name="subPositiveLongs" time="0.001" classname="com.epam.testng.parameterizedtests.SubDoublesTest"/>
  <testcase name="subPositiveLongs" time="0.003" classname="com.epam.testng.parameterizedtests.SubLongsTest">
    <failure type="org.testng.TestException" message="
Method SubLongsTest.subPositiveLongs(long, long, long)[pri:0, instance:com.epam.testng.parameterizedtests.SubLongsTest@402a079c] should have thrown an exception of type class org.testng.internal.reflect.MethodMatcherException">
      <![CDATA[org.testng.TestException: at java.util.concurrent.ThreadPoolExecutor.runWorker(ThreadPoolExecutor.java:1149)at java.util.concurrent.ThreadPoolExecutor$Worker.run(ThreadPoolExecutor.java:624)at java.lang.Thread.run(Thread.java:748)... Removed 8 stack frames]]>
    </failure>
  </testcase> <!-- subPositiveLongs -->
  <testcase name="subPositiveLongs" time="0.002" classname="com.epam.testng.parameterizedtests.SubLongsTest">
    <failure type="org.testng.TestException" message="
Method SubLongsTest.subPositiveLongs(long, long, long)[pri:0, instance:com.epam.testng.parameterizedtests.SubLongsTest@402a079c] should have thrown an exception of type class org.testng.internal.reflect.MethodMatcherException">
      <![CDATA[org.testng.TestException: at java.util.concurrent.ThreadPoolExecutor.runWorker(ThreadPoolExecutor.java:1149)at java.util.concurrent.ThreadPoolExecutor$Worker.run(ThreadPoolExecutor.java:624)at java.lang.Thread.run(Thread.java:748)... Removed 8 stack frames]]>
    </failure>
  </testcase> <!-- subPositiveLongs -->
  <testcase name="subPositiveLongs" time="0.003" classname="com.epam.testng.parameterizedtests.SubDoublesTest"/>
  <testcase name="subPositiveLongs" time="0.002" classname="com.epam.testng.parameterizedtests.SubLongsTest">
    <failure type="org.testng.TestException" message="
Method SubLongsTest.subPositiveLongs(long, long, long)[pri:0, instance:com.epam.testng.parameterizedtests.SubLongsTest@402a079c] should have thrown an exception of type class org.testng.internal.reflect.MethodMatcherException">
      <![CDATA[org.testng.TestException: at java.util.concurrent.ThreadPoolExecutor.runWorker(ThreadPoolExecutor.java:1149)at java.util.concurrent.ThreadPoolExecutor$Worker.run(ThreadPoolExecutor.java:624)at java.lang.Thread.run(Thread.java:748)... Removed 8 stack frames]]>
    </failure>
  </testcase> <!-- subPositiveLongs -->
  <testcase name="subPositiveLongs" time="0.003" classname="com.epam.testng.parameterizedtests.SubDoublesTest"/>
  <testcase name="subPositiveAndNegativeLongs" time="0.0" classname="com.epam.testng.parameterizedtests.SubDoublesTest">
    <ignored/>
  </testcase> <!-- subPositiveAndNegativeLongs -->
  <testcase name="subPositiveAndNegativeLongs" time="0.0" classname="com.epam.testng.parameterizedtests.SubLongsTest">
    <ignored/>
  </testcase> <!-- subPositiveAndNegativeLongs -->
  <testcase name="subNegativeLongs" time="0.0" classname="com.epam.testng.basictests.BasicSubLongsTest">
    <ignored/>
  </testcase> <!-- subNegativeLongs -->
  <testcase name="subNegativeLongs" time="0.0" classname="com.epam.testng.parameterizedtests.SubLongsTest">
    <ignored/>
  </testcase> <!-- subNegativeLongs -->
  <testcase name="subPositiveAndNegativeLongs" time="0.0" classname="com.epam.testng.basictests.BasicSubDoublesTest">
    <ignored/>
  </testcase> <!-- subPositiveAndNegativeLongs -->
  <testcase name="subPositiveLongs" time="0.0" classname="com.epam.testng.basictests.BasicSubDoublesTest">
    <ignored/>
  </testcase> <!-- subPositiveLongs -->
  <testcase name="subPositiveLongs" time="0.0" classname="com.epam.testng.basictests.BasicSubLongsTest">
    <ignored/>
  </testcase> <!-- subPositiveLongs -->
  <testcase name="subPositiveAndNegativeLongs" time="0.0" classname="com.epam.testng.basictests.BasicSubLongsTest">
    <ignored/>
  </testcase> <!-- subPositiveAndNegativeLongs -->
  <testcase name="subNegativeLongs" time="0.0" classname="com.epam.testng.basictests.BasicSubDoublesTest">
    <ignored/>
  </testcase> <!-- subNegativeLongs -->
  <testcase name="suNegativeLongs" time="0.0" classname="com.epam.testng.parameterizedtests.SubDoublesTest">
    <ignored/>
  </testcase> <!-- suNegativeLongs -->
</testsuite> <!-- SubtractionTest -->
