<?xml version="1.0" encoding="UTF-8"?>
<testng-results skipped="0" failed="35" ignored="218" total="350" passed="97">
  <reporter-output>
  </reporter-output>
  <suite name="Extended" duration-ms="55218" started-at="2017-12-15T11:24:13Z" finished-at="2017-12-15T11:25:08Z">
    <groups>
      <group name="cos">
        <method signature="BasicCosTest.testNegativeAngle()[pri:0, instance:com.epam.testng.basictests.BasicCosTest@6767c1fc]" name="testNegativeAngle" class="com.epam.testng.basictests.BasicCosTest"/>
        <method signature="CosTest.testAngles()[pri:0, instance:com.epam.testng.parameterizedtests.CosTest@39aeed2f]" name="testAngles" class="com.epam.testng.parameterizedtests.CosTest"/>
        <method signature="CosTest.testAngles()[pri:0, instance:com.epam.testng.parameterizedtests.CosTest@4678c730]" name="testAngles" class="com.epam.testng.parameterizedtests.CosTest"/>
        <method signature="CosTest.testAngles()[pri:0, instance:com.epam.testng.parameterizedtests.CosTest@724af044]" name="testAngles" class="com.epam.testng.parameterizedtests.CosTest"/>
        <method signature="BasicSinTest.testNegativeAngle()[pri:0, instance:com.epam.testng.basictests.BasicSinTest@2b98378d]" name="testNegativeAngle" class="com.epam.testng.basictests.BasicSinTest"/>
      </group> <!-- cos -->
      <group name="squareRoot">
        <method signature="BasicSqrtTest.testNegativeNumbers()[pri:0, instance:com.epam.testng.basictests.BasicSqrtTest@e25b2fe]" name="testNegativeNumbers" class="com.epam.testng.basictests.BasicSqrtTest"/>
      </group> <!-- squareRoot -->
      <group name="subtraction">
        <method signature="SubDoublesTest.subPositiveAndNegativeLongs(double, double, double)[pri:0, instance:com.epam.testng.parameterizedtests.SubDoublesTest@36d4b5c]" name="subPositiveAndNegativeLongs" class="com.epam.testng.parameterizedtests.SubDoublesTest"/>
        <method signature="SubLongsTest.subPositiveAndNegativeLongs(long, long, long)[pri:0, instance:com.epam.testng.parameterizedtests.SubLongsTest@6d00a15d]" name="subPositiveAndNegativeLongs" class="com.epam.testng.parameterizedtests.SubLongsTest"/>
      </group> <!-- subtraction -->
      <group name="extended">
        <method signature="SumDoublesTest.sumPositiveAndNegativeLongs(double, double, double)[pri:0, instance:com.epam.testng.parameterizedtests.SumDoublesTest@23ceabc1]" name="sumPositiveAndNegativeLongs" class="com.epam.testng.parameterizedtests.SumDoublesTest"/>
        <method signature="SumLongsTest.sumPositiveAndNegativeLongs(long, long, long)[pri:0, instance:com.epam.testng.parameterizedtests.SumLongsTest@5d5eef3d]" name="sumPositiveAndNegativeLongs" class="com.epam.testng.parameterizedtests.SumLongsTest"/>
        <method signature="SubDoublesTest.subPositiveAndNegativeLongs(double, double, double)[pri:0, instance:com.epam.testng.parameterizedtests.SubDoublesTest@36d4b5c]" name="subPositiveAndNegativeLongs" class="com.epam.testng.parameterizedtests.SubDoublesTest"/>
        <method signature="SubLongsTest.subPositiveAndNegativeLongs(long, long, long)[pri:0, instance:com.epam.testng.parameterizedtests.SubLongsTest@6d00a15d]" name="subPositiveAndNegativeLongs" class="com.epam.testng.parameterizedtests.SubLongsTest"/>
        <method signature="BasicMultDoublesTest.multNegativeaAndPositiveLongs()[pri:0, instance:com.epam.testng.basictests.BasicMultDoublesTest@7dc7cbad]" name="multNegativeaAndPositiveLongs" class="com.epam.testng.basictests.BasicMultDoublesTest"/>
        <method signature="BasicMultLongsTest.multNegativeaAndPositiveLongs()[pri:0, instance:com.epam.testng.basictests.BasicMultLongsTest@d2cc05a]" name="multNegativeaAndPositiveLongs" class="com.epam.testng.basictests.BasicMultLongsTest"/>
        <method signature="MultDoublesTest.testDoublesMult()[pri:0, instance:com.epam.testng.parameterizedtests.MultDoublesTest@62ee68d8]" name="testDoublesMult" class="com.epam.testng.parameterizedtests.MultDoublesTest"/>
        <method signature="MultDoublesTest.testDoublesMult()[pri:0, instance:com.epam.testng.parameterizedtests.MultDoublesTest@735b5592]" name="testDoublesMult" class="com.epam.testng.parameterizedtests.MultDoublesTest"/>
        <method signature="MultDoublesTest.testDoublesMult()[pri:0, instance:com.epam.testng.parameterizedtests.MultDoublesTest@9629756]" name="testDoublesMult" class="com.epam.testng.parameterizedtests.MultDoublesTest"/>
        <method signature="MultLongsTest.testLongMult()[pri:0, instance:com.epam.testng.parameterizedtests.MultLongsTest@4520ebad]" name="testLongMult" class="com.epam.testng.parameterizedtests.MultLongsTest"/>
        <method signature="MultLongsTest.testLongMult()[pri:0, instance:com.epam.testng.parameterizedtests.MultLongsTest@5419f379]" name="testLongMult" class="com.epam.testng.parameterizedtests.MultLongsTest"/>
        <method signature="MultLongsTest.testLongMult()[pri:0, instance:com.epam.testng.parameterizedtests.MultLongsTest@58651fd0]" name="testLongMult" class="com.epam.testng.parameterizedtests.MultLongsTest"/>
        <method signature="BasicDivDoublesTest.divideNegativeAndPositiveValues()[pri:0, instance:com.epam.testng.basictests.BasicDivDoublesTest@482f8f11]" name="divideNegativeAndPositiveValues" class="com.epam.testng.basictests.BasicDivDoublesTest"/>
        <method signature="BasicDivLongsTest.divideNegativeAndPositiveValues()[pri:0, instance:com.epam.testng.basictests.BasicDivLongsTest@1593948d]" name="divideNegativeAndPositiveValues" class="com.epam.testng.basictests.BasicDivLongsTest"/>
        <method signature="DivDoublesTest.testLongDiv()[pri:0, instance:com.epam.testng.parameterizedtests.DivDoublesTest@20e2cbe0]" name="testLongDiv" class="com.epam.testng.parameterizedtests.DivDoublesTest"/>
        <method signature="DivDoublesTest.testLongDiv()[pri:0, instance:com.epam.testng.parameterizedtests.DivDoublesTest@2a5ca609]" name="testLongDiv" class="com.epam.testng.parameterizedtests.DivDoublesTest"/>
        <method signature="DivDoublesTest.testLongDiv()[pri:0, instance:com.epam.testng.parameterizedtests.DivDoublesTest@68be2bc2]" name="testLongDiv" class="com.epam.testng.parameterizedtests.DivDoublesTest"/>
        <method signature="DivLongsTest.testLongDiv()[pri:0, instance:com.epam.testng.parameterizedtests.DivLongsTest@28feb3fa]" name="testLongDiv" class="com.epam.testng.parameterizedtests.DivLongsTest"/>
        <method signature="DivLongsTest.testLongDiv()[pri:0, instance:com.epam.testng.parameterizedtests.DivLongsTest@51565ec2]" name="testLongDiv" class="com.epam.testng.parameterizedtests.DivLongsTest"/>
        <method signature="DivLongsTest.testLongDiv()[pri:0, instance:com.epam.testng.parameterizedtests.DivLongsTest@675d3402]" name="testLongDiv" class="com.epam.testng.parameterizedtests.DivLongsTest"/>
        <method signature="BasicCosTest.testNegativeAngle()[pri:0, instance:com.epam.testng.basictests.BasicCosTest@6767c1fc]" name="testNegativeAngle" class="com.epam.testng.basictests.BasicCosTest"/>
        <method signature="CosTest.testAngles()[pri:0, instance:com.epam.testng.parameterizedtests.CosTest@39aeed2f]" name="testAngles" class="com.epam.testng.parameterizedtests.CosTest"/>
        <method signature="CosTest.testAngles()[pri:0, instance:com.epam.testng.parameterizedtests.CosTest@4678c730]" name="testAngles" class="com.epam.testng.parameterizedtests.CosTest"/>
        <method signature="CosTest.testAngles()[pri:0, instance:com.epam.testng.parameterizedtests.CosTest@724af044]" name="testAngles" class="com.epam.testng.parameterizedtests.CosTest"/>
        <method signature="BasicSinTest.testNegativeAngle()[pri:0, instance:com.epam.testng.basictests.BasicSinTest@2b98378d]" name="testNegativeAngle" class="com.epam.testng.basictests.BasicSinTest"/>
        <method signature="SinTest.testAngles()[pri:0, instance:com.epam.testng.parameterizedtests.SinTest@18be83e4]" name="testAngles" class="com.epam.testng.parameterizedtests.SinTest"/>
        <method signature="SinTest.testAngles()[pri:0, instance:com.epam.testng.parameterizedtests.SinTest@4b9e13df]" name="testAngles" class="com.epam.testng.parameterizedtests.SinTest"/>
        <method signature="SinTest.testAngles()[pri:0, instance:com.epam.testng.parameterizedtests.SinTest@cb5822]" name="testAngles" class="com.epam.testng.parameterizedtests.SinTest"/>
        <method signature="BasicCtgTest.testNegativeAngle()[pri:0, instance:com.epam.testng.basictests.BasicCtgTest@59fa1d9b]" name="testNegativeAngle" class="com.epam.testng.basictests.BasicCtgTest"/>
        <method signature="CtgTest.testAngles()[pri:0, instance:com.epam.testng.parameterizedtests.CtgTest@14acaea5]" name="testAngles" class="com.epam.testng.parameterizedtests.CtgTest"/>
        <method signature="CtgTest.testAngles()[pri:0, instance:com.epam.testng.parameterizedtests.CtgTest@46d56d67]" name="testAngles" class="com.epam.testng.parameterizedtests.CtgTest"/>
        <method signature="CtgTest.testAngles()[pri:0, instance:com.epam.testng.parameterizedtests.CtgTest@d8355a8]" name="testAngles" class="com.epam.testng.parameterizedtests.CtgTest"/>
        <method signature="BasicTgTest.testNegativeAngle()[pri:0, instance:com.epam.testng.basictests.BasicTgTest@26653222]" name="testNegativeAngle" class="com.epam.testng.basictests.BasicTgTest"/>
        <method signature="TgTest.testAngles()[pri:0, instance:com.epam.testng.parameterizedtests.TgTest@29774679]" name="testAngles" class="com.epam.testng.parameterizedtests.TgTest"/>
        <method signature="TgTest.testAngles()[pri:0, instance:com.epam.testng.parameterizedtests.TgTest@3ffc5af1]" name="testAngles" class="com.epam.testng.parameterizedtests.TgTest"/>
        <method signature="TgTest.testAngles()[pri:0, instance:com.epam.testng.parameterizedtests.TgTest@5e5792a0]" name="testAngles" class="com.epam.testng.parameterizedtests.TgTest"/>
        <method signature="BasicPowTest.testPowTwoOfRation()[pri:0, instance:com.epam.testng.basictests.BasicPowTest@57baeedf]" name="testPowTwoOfRation" class="com.epam.testng.basictests.BasicPowTest"/>
        <method signature="PowTest.testPower()[pri:0, instance:com.epam.testng.parameterizedtests.PowTest@1794d431]" name="testPower" class="com.epam.testng.parameterizedtests.PowTest"/>
        <method signature="PowTest.testPower()[pri:0, instance:com.epam.testng.parameterizedtests.PowTest@39c0f4a]" name="testPower" class="com.epam.testng.parameterizedtests.PowTest"/>
        <method signature="PowTest.testPower()[pri:0, instance:com.epam.testng.parameterizedtests.PowTest@42e26948]" name="testPower" class="com.epam.testng.parameterizedtests.PowTest"/>
        <method signature="PowTest.testPower()[pri:0, instance:com.epam.testng.parameterizedtests.PowTest@4883b407]" name="testPower" class="com.epam.testng.parameterizedtests.PowTest"/>
        <method signature="PowTest.testPower()[pri:0, instance:com.epam.testng.parameterizedtests.PowTest@7d9d1a19]" name="testPower" class="com.epam.testng.parameterizedtests.PowTest"/>
        <method signature="BasicSqrtTest.testNegativeNumbers()[pri:0, instance:com.epam.testng.basictests.BasicSqrtTest@e25b2fe]" name="testNegativeNumbers" class="com.epam.testng.basictests.BasicSqrtTest"/>
        <method signature="SqrtTest.testLongMult()[pri:0, instance:com.epam.testng.parameterizedtests.SqrtTest@204f30ec]" name="testLongMult" class="com.epam.testng.parameterizedtests.SqrtTest"/>
        <method signature="SqrtTest.testLongMult()[pri:0, instance:com.epam.testng.parameterizedtests.SqrtTest@4667ae56]" name="testLongMult" class="com.epam.testng.parameterizedtests.SqrtTest"/>
        <method signature="SqrtTest.testLongMult()[pri:0, instance:com.epam.testng.parameterizedtests.SqrtTest@77cd7a0]" name="testLongMult" class="com.epam.testng.parameterizedtests.SqrtTest"/>
      </group> <!-- extended -->
      <group name="division">
        <method signature="BasicDivDoublesTest.divideNegativeAndPositiveValues()[pri:0, instance:com.epam.testng.basictests.BasicDivDoublesTest@482f8f11]" name="divideNegativeAndPositiveValues" class="com.epam.testng.basictests.BasicDivDoublesTest"/>
        <method signature="BasicDivLongsTest.divideNegativeAndPositiveValues()[pri:0, instance:com.epam.testng.basictests.BasicDivLongsTest@1593948d]" name="divideNegativeAndPositiveValues" class="com.epam.testng.basictests.BasicDivLongsTest"/>
        <method signature="DivDoublesTest.testLongDiv()[pri:0, instance:com.epam.testng.parameterizedtests.DivDoublesTest@20e2cbe0]" name="testLongDiv" class="com.epam.testng.parameterizedtests.DivDoublesTest"/>
        <method signature="DivDoublesTest.testLongDiv()[pri:0, instance:com.epam.testng.parameterizedtests.DivDoublesTest@2a5ca609]" name="testLongDiv" class="com.epam.testng.parameterizedtests.DivDoublesTest"/>
        <method signature="DivDoublesTest.testLongDiv()[pri:0, instance:com.epam.testng.parameterizedtests.DivDoublesTest@68be2bc2]" name="testLongDiv" class="com.epam.testng.parameterizedtests.DivDoublesTest"/>
        <method signature="DivLongsTest.testLongDiv()[pri:0, instance:com.epam.testng.parameterizedtests.DivLongsTest@28feb3fa]" name="testLongDiv" class="com.epam.testng.parameterizedtests.DivLongsTest"/>
        <method signature="DivLongsTest.testLongDiv()[pri:0, instance:com.epam.testng.parameterizedtests.DivLongsTest@51565ec2]" name="testLongDiv" class="com.epam.testng.parameterizedtests.DivLongsTest"/>
        <method signature="DivLongsTest.testLongDiv()[pri:0, instance:com.epam.testng.parameterizedtests.DivLongsTest@675d3402]" name="testLongDiv" class="com.epam.testng.parameterizedtests.DivLongsTest"/>
      </group> <!-- division -->
      <group name="longs">
        <method signature="SumLongsTest.sumPositiveAndNegativeLongs(long, long, long)[pri:0, instance:com.epam.testng.parameterizedtests.SumLongsTest@5d5eef3d]" name="sumPositiveAndNegativeLongs" class="com.epam.testng.parameterizedtests.SumLongsTest"/>
        <method signature="SubLongsTest.subPositiveAndNegativeLongs(long, long, long)[pri:0, instance:com.epam.testng.parameterizedtests.SubLongsTest@6d00a15d]" name="subPositiveAndNegativeLongs" class="com.epam.testng.parameterizedtests.SubLongsTest"/>
        <method signature="BasicMultLongsTest.multNegativeaAndPositiveLongs()[pri:0, instance:com.epam.testng.basictests.BasicMultLongsTest@d2cc05a]" name="multNegativeaAndPositiveLongs" class="com.epam.testng.basictests.BasicMultLongsTest"/>
        <method signature="MultLongsTest.testLongMult()[pri:0, instance:com.epam.testng.parameterizedtests.MultLongsTest@4520ebad]" name="testLongMult" class="com.epam.testng.parameterizedtests.MultLongsTest"/>
        <method signature="MultLongsTest.testLongMult()[pri:0, instance:com.epam.testng.parameterizedtests.MultLongsTest@5419f379]" name="testLongMult" class="com.epam.testng.parameterizedtests.MultLongsTest"/>
        <method signature="MultLongsTest.testLongMult()[pri:0, instance:com.epam.testng.parameterizedtests.MultLongsTest@58651fd0]" name="testLongMult" class="com.epam.testng.parameterizedtests.MultLongsTest"/>
        <method signature="BasicDivLongsTest.divideNegativeAndPositiveValues()[pri:0, instance:com.epam.testng.basictests.BasicDivLongsTest@1593948d]" name="divideNegativeAndPositiveValues" class="com.epam.testng.basictests.BasicDivLongsTest"/>
        <method signature="DivLongsTest.testLongDiv()[pri:0, instance:com.epam.testng.parameterizedtests.DivLongsTest@28feb3fa]" name="testLongDiv" class="com.epam.testng.parameterizedtests.DivLongsTest"/>
        <method signature="DivLongsTest.testLongDiv()[pri:0, instance:com.epam.testng.parameterizedtests.DivLongsTest@51565ec2]" name="testLongDiv" class="com.epam.testng.parameterizedtests.DivLongsTest"/>
        <method signature="DivLongsTest.testLongDiv()[pri:0, instance:com.epam.testng.parameterizedtests.DivLongsTest@675d3402]" name="testLongDiv" class="com.epam.testng.parameterizedtests.DivLongsTest"/>
      </group> <!-- longs -->
      <group name="tg">
        <method signature="BasicTgTest.testNegativeAngle()[pri:0, instance:com.epam.testng.basictests.BasicTgTest@26653222]" name="testNegativeAngle" class="com.epam.testng.basictests.BasicTgTest"/>
        <method signature="TgTest.testAngles()[pri:0, instance:com.epam.testng.parameterizedtests.TgTest@29774679]" name="testAngles" class="com.epam.testng.parameterizedtests.TgTest"/>
        <method signature="TgTest.testAngles()[pri:0, instance:com.epam.testng.parameterizedtests.TgTest@3ffc5af1]" name="testAngles" class="com.epam.testng.parameterizedtests.TgTest"/>
        <method signature="TgTest.testAngles()[pri:0, instance:com.epam.testng.parameterizedtests.TgTest@5e5792a0]" name="testAngles" class="com.epam.testng.parameterizedtests.TgTest"/>
      </group> <!-- tg -->
      <group name="doubles">
        <method signature="SumDoublesTest.sumPositiveAndNegativeLongs(double, double, double)[pri:0, instance:com.epam.testng.parameterizedtests.SumDoublesTest@23ceabc1]" name="sumPositiveAndNegativeLongs" class="com.epam.testng.parameterizedtests.SumDoublesTest"/>
        <method signature="SubDoublesTest.subPositiveAndNegativeLongs(double, double, double)[pri:0, instance:com.epam.testng.parameterizedtests.SubDoublesTest@36d4b5c]" name="subPositiveAndNegativeLongs" class="com.epam.testng.parameterizedtests.SubDoublesTest"/>
        <method signature="BasicMultDoublesTest.multNegativeaAndPositiveLongs()[pri:0, instance:com.epam.testng.basictests.BasicMultDoublesTest@7dc7cbad]" name="multNegativeaAndPositiveLongs" class="com.epam.testng.basictests.BasicMultDoublesTest"/>
        <method signature="MultDoublesTest.testDoublesMult()[pri:0, instance:com.epam.testng.parameterizedtests.MultDoublesTest@62ee68d8]" name="testDoublesMult" class="com.epam.testng.parameterizedtests.MultDoublesTest"/>
        <method signature="MultDoublesTest.testDoublesMult()[pri:0, instance:com.epam.testng.parameterizedtests.MultDoublesTest@735b5592]" name="testDoublesMult" class="com.epam.testng.parameterizedtests.MultDoublesTest"/>
        <method signature="MultDoublesTest.testDoublesMult()[pri:0, instance:com.epam.testng.parameterizedtests.MultDoublesTest@9629756]" name="testDoublesMult" class="com.epam.testng.parameterizedtests.MultDoublesTest"/>
        <method signature="BasicDivDoublesTest.divideNegativeAndPositiveValues()[pri:0, instance:com.epam.testng.basictests.BasicDivDoublesTest@482f8f11]" name="divideNegativeAndPositiveValues" class="com.epam.testng.basictests.BasicDivDoublesTest"/>
        <method signature="DivDoublesTest.testLongDiv()[pri:0, instance:com.epam.testng.parameterizedtests.DivDoublesTest@20e2cbe0]" name="testLongDiv" class="com.epam.testng.parameterizedtests.DivDoublesTest"/>
        <method signature="DivDoublesTest.testLongDiv()[pri:0, instance:com.epam.testng.parameterizedtests.DivDoublesTest@2a5ca609]" name="testLongDiv" class="com.epam.testng.parameterizedtests.DivDoublesTest"/>
        <method signature="DivDoublesTest.testLongDiv()[pri:0, instance:com.epam.testng.parameterizedtests.DivDoublesTest@68be2bc2]" name="testLongDiv" class="com.epam.testng.parameterizedtests.DivDoublesTest"/>
      </group> <!-- doubles -->
      <group name="sqrt">
        <method signature="SqrtTest.testLongMult()[pri:0, instance:com.epam.testng.parameterizedtests.SqrtTest@204f30ec]" name="testLongMult" class="com.epam.testng.parameterizedtests.SqrtTest"/>
        <method signature="SqrtTest.testLongMult()[pri:0, instance:com.epam.testng.parameterizedtests.SqrtTest@4667ae56]" name="testLongMult" class="com.epam.testng.parameterizedtests.SqrtTest"/>
        <method signature="SqrtTest.testLongMult()[pri:0, instance:com.epam.testng.parameterizedtests.SqrtTest@77cd7a0]" name="testLongMult" class="com.epam.testng.parameterizedtests.SqrtTest"/>
      </group> <!-- sqrt -->
      <group name="ctg">
        <method signature="BasicCtgTest.testNegativeAngle()[pri:0, instance:com.epam.testng.basictests.BasicCtgTest@59fa1d9b]" name="testNegativeAngle" class="com.epam.testng.basictests.BasicCtgTest"/>
        <method signature="CtgTest.testAngles()[pri:0, instance:com.epam.testng.parameterizedtests.CtgTest@14acaea5]" name="testAngles" class="com.epam.testng.parameterizedtests.CtgTest"/>
        <method signature="CtgTest.testAngles()[pri:0, instance:com.epam.testng.parameterizedtests.CtgTest@46d56d67]" name="testAngles" class="com.epam.testng.parameterizedtests.CtgTest"/>
        <method signature="CtgTest.testAngles()[pri:0, instance:com.epam.testng.parameterizedtests.CtgTest@d8355a8]" name="testAngles" class="com.epam.testng.parameterizedtests.CtgTest"/>
      </group> <!-- ctg -->
      <group name="sin">
        <method signature="SinTest.testAngles()[pri:0, instance:com.epam.testng.parameterizedtests.SinTest@18be83e4]" name="testAngles" class="com.epam.testng.parameterizedtests.SinTest"/>
        <method signature="SinTest.testAngles()[pri:0, instance:com.epam.testng.parameterizedtests.SinTest@4b9e13df]" name="testAngles" class="com.epam.testng.parameterizedtests.SinTest"/>
        <method signature="SinTest.testAngles()[pri:0, instance:com.epam.testng.parameterizedtests.SinTest@cb5822]" name="testAngles" class="com.epam.testng.parameterizedtests.SinTest"/>
      </group> <!-- sin -->
      <group name="multiplication">
        <method signature="BasicMultDoublesTest.multNegativeaAndPositiveLongs()[pri:0, instance:com.epam.testng.basictests.BasicMultDoublesTest@7dc7cbad]" name="multNegativeaAndPositiveLongs" class="com.epam.testng.basictests.BasicMultDoublesTest"/>
        <method signature="BasicMultLongsTest.multNegativeaAndPositiveLongs()[pri:0, instance:com.epam.testng.basictests.BasicMultLongsTest@d2cc05a]" name="multNegativeaAndPositiveLongs" class="com.epam.testng.basictests.BasicMultLongsTest"/>
        <method signature="MultDoublesTest.testDoublesMult()[pri:0, instance:com.epam.testng.parameterizedtests.MultDoublesTest@62ee68d8]" name="testDoublesMult" class="com.epam.testng.parameterizedtests.MultDoublesTest"/>
        <method signature="MultDoublesTest.testDoublesMult()[pri:0, instance:com.epam.testng.parameterizedtests.MultDoublesTest@735b5592]" name="testDoublesMult" class="com.epam.testng.parameterizedtests.MultDoublesTest"/>
        <method signature="MultDoublesTest.testDoublesMult()[pri:0, instance:com.epam.testng.parameterizedtests.MultDoublesTest@9629756]" name="testDoublesMult" class="com.epam.testng.parameterizedtests.MultDoublesTest"/>
        <method signature="MultLongsTest.testLongMult()[pri:0, instance:com.epam.testng.parameterizedtests.MultLongsTest@4520ebad]" name="testLongMult" class="com.epam.testng.parameterizedtests.MultLongsTest"/>
        <method signature="MultLongsTest.testLongMult()[pri:0, instance:com.epam.testng.parameterizedtests.MultLongsTest@5419f379]" name="testLongMult" class="com.epam.testng.parameterizedtests.MultLongsTest"/>
        <method signature="MultLongsTest.testLongMult()[pri:0, instance:com.epam.testng.parameterizedtests.MultLongsTest@58651fd0]" name="testLongMult" class="com.epam.testng.parameterizedtests.MultLongsTest"/>
      </group> <!-- multiplication -->
      <group name="power">
        <method signature="BasicPowTest.testPowTwoOfRation()[pri:0, instance:com.epam.testng.basictests.BasicPowTest@57baeedf]" name="testPowTwoOfRation" class="com.epam.testng.basictests.BasicPowTest"/>
        <method signature="PowTest.testPower()[pri:0, instance:com.epam.testng.parameterizedtests.PowTest@1794d431]" name="testPower" class="com.epam.testng.parameterizedtests.PowTest"/>
        <method signature="PowTest.testPower()[pri:0, instance:com.epam.testng.parameterizedtests.PowTest@39c0f4a]" name="testPower" class="com.epam.testng.parameterizedtests.PowTest"/>
        <method signature="PowTest.testPower()[pri:0, instance:com.epam.testng.parameterizedtests.PowTest@42e26948]" name="testPower" class="com.epam.testng.parameterizedtests.PowTest"/>
        <method signature="PowTest.testPower()[pri:0, instance:com.epam.testng.parameterizedtests.PowTest@4883b407]" name="testPower" class="com.epam.testng.parameterizedtests.PowTest"/>
        <method signature="PowTest.testPower()[pri:0, instance:com.epam.testng.parameterizedtests.PowTest@7d9d1a19]" name="testPower" class="com.epam.testng.parameterizedtests.PowTest"/>
      </group> <!-- power -->
      <group name="addition">
        <method signature="SumDoublesTest.sumPositiveAndNegativeLongs(double, double, double)[pri:0, instance:com.epam.testng.parameterizedtests.SumDoublesTest@23ceabc1]" name="sumPositiveAndNegativeLongs" class="com.epam.testng.parameterizedtests.SumDoublesTest"/>
        <method signature="SumLongsTest.sumPositiveAndNegativeLongs(long, long, long)[pri:0, instance:com.epam.testng.parameterizedtests.SumLongsTest@5d5eef3d]" name="sumPositiveAndNegativeLongs" class="com.epam.testng.parameterizedtests.SumLongsTest"/>
      </group> <!-- addition -->
    </groups>
    <test name="AdditionTest" duration-ms="5" started-at="2017-12-15T11:24:13Z" finished-at="2017-12-15T11:24:13Z">
      <class name="com.epam.testng.parameterizedtests.SumLongsTest">
        <test-method status="PASS" signature="setUp()[pri:0, instance:com.epam.testng.parameterizedtests.SumLongsTest@5d5eef3d]" name="setUp" is-config="true" duration-ms="0" started-at="2017-12-15T14:24:13Z" finished-at="2017-12-15T14:24:13Z">
          <reporter-output>
          </reporter-output>
        </test-method> <!-- setUp -->
        <test-method status="PASS" signature="sumPositiveAndNegativeLongs(long, long, long)[pri:0, instance:com.epam.testng.parameterizedtests.SumLongsTest@5d5eef3d]" name="sumPositiveAndNegativeLongs" duration-ms="1" started-at="2017-12-15T14:24:13Z" data-provider="sumPositiveAndNegativeLongs" finished-at="2017-12-15T14:24:13Z">
          <params>
            <param index="0">
              <value>
                <![CDATA[1]]>
              </value>
            </param>
            <param index="1">
              <value>
                <![CDATA[-50]]>
              </value>
            </param>
            <param index="2">
              <value>
                <![CDATA[-49]]>
              </value>
            </param>
          </params>
          <reporter-output>
          </reporter-output>
        </test-method> <!-- sumPositiveAndNegativeLongs -->
        <test-method status="PASS" signature="sumPositiveAndNegativeLongs(long, long, long)[pri:0, instance:com.epam.testng.parameterizedtests.SumLongsTest@5d5eef3d]" name="sumPositiveAndNegativeLongs" duration-ms="0" started-at="2017-12-15T14:24:13Z" data-provider="sumPositiveAndNegativeLongs" finished-at="2017-12-15T14:24:13Z">
          <params>
            <param index="0">
              <value>
                <![CDATA[2147483646]]>
              </value>
            </param>
            <param index="1">
              <value>
                <![CDATA[-1]]>
              </value>
            </param>
            <param index="2">
              <value>
                <![CDATA[2147483645]]>
              </value>
            </param>
          </params>
          <reporter-output>
          </reporter-output>
        </test-method> <!-- sumPositiveAndNegativeLongs -->
        <test-method status="PASS" signature="sumPositiveAndNegativeLongs(long, long, long)[pri:0, instance:com.epam.testng.parameterizedtests.SumLongsTest@5d5eef3d]" name="sumPositiveAndNegativeLongs" duration-ms="0" started-at="2017-12-15T14:24:13Z" data-provider="sumPositiveAndNegativeLongs" finished-at="2017-12-15T14:24:13Z">
          <params>
            <param index="0">
              <value>
                <![CDATA[20]]>
              </value>
            </param>
            <param index="1">
              <value>
                <![CDATA[-15]]>
              </value>
            </param>
            <param index="2">
              <value>
                <![CDATA[5]]>
              </value>
            </param>
          </params>
          <reporter-output>
          </reporter-output>
        </test-method> <!-- sumPositiveAndNegativeLongs -->
        <test-method status="PASS" signature="printOnFinish()[pri:0, instance:com.epam.testng.parameterizedtests.SumLongsTest@5d5eef3d]" name="printOnFinish" is-config="true" duration-ms="0" started-at="2017-12-15T14:24:13Z" finished-at="2017-12-15T14:24:13Z">
          <reporter-output>
          </reporter-output>
        </test-method> <!-- printOnFinish -->
      </class> <!-- com.epam.testng.parameterizedtests.SumLongsTest -->
      <class name="com.epam.testng.parameterizedtests.SumDoublesTest">
        <test-method status="PASS" signature="setUp()[pri:0, instance:com.epam.testng.parameterizedtests.SumDoublesTest@23ceabc1]" name="setUp" is-config="true" duration-ms="1" started-at="2017-12-15T14:24:13Z" finished-at="2017-12-15T14:24:13Z">
          <reporter-output>
          </reporter-output>
        </test-method> <!-- setUp -->
        <test-method status="FAIL" signature="sumPositiveAndNegativeLongs(double, double, double)[pri:0, instance:com.epam.testng.parameterizedtests.SumDoublesTest@23ceabc1]" name="sumPositiveAndNegativeLongs" duration-ms="1" started-at="2017-12-15T14:24:13Z" data-provider="sumPositiveAndNegativeDoubles" finished-at="2017-12-15T14:24:13Z">
          <params>
            <param index="0">
              <value>
                <![CDATA[20.01]]>
              </value>
            </param>
            <param index="1">
              <value>
                <![CDATA[-15.45]]>
              </value>
            </param>
            <param index="2">
              <value>
                <![CDATA[4.56]]>
              </value>
            </param>
          </params>
          <exception class="java.lang.AssertionError">
            <message>
              <![CDATA[Invalid operation result expected [4.56] but found [4.560000000000002]]]>
            </message>
            <full-stacktrace>
              <![CDATA[java.lang.AssertionError: Invalid operation result expected [4.56] but found [4.560000000000002]at org.testng.Assert.fail(Assert.java:96)at org.testng.Assert.failNotEquals(Assert.java:776)at org.testng.Assert.assertEqualsImpl(Assert.java:137)at org.testng.Assert.assertEquals(Assert.java:118)at com.epam.testng.parameterizedtests.SumDoublesTest.sumPositiveAndNegativeLongs(SumDoublesTest.java:24)at sun.reflect.NativeMethodAccessorImpl.invoke0(Native Method)at sun.reflect.NativeMethodAccessorImpl.invoke(NativeMethodAccessorImpl.java:62)at sun.reflect.DelegatingMethodAccessorImpl.invoke(DelegatingMethodAccessorImpl.java:43)at java.lang.reflect.Method.invoke(Method.java:498)at org.testng.internal.MethodInvocationHelper.invokeMethod(MethodInvocationHelper.java:124)at org.testng.internal.Invoker.invokeMethod(Invoker.java:571)at org.testng.internal.Invoker.invokeTestMethod(Invoker.java:707)at org.testng.internal.Invoker.invokeTestMethods(Invoker.java:979)at org.testng.internal.TestMethodWorker.invokeTestMethods(TestMethodWorker.java:125)at org.testng.internal.TestMethodWorker.run(TestMethodWorker.java:109)at java.util.concurrent.ThreadPoolExecutor.runWorker(ThreadPoolExecutor.java:1149)at java.util.concurrent.ThreadPoolExecutor$Worker.run(ThreadPoolExecutor.java:624)at java.lang.Thread.run(Thread.java:748)]]>
            </full-stacktrace>
          </exception> <!-- java.lang.AssertionError -->
          <reporter-output>
          </reporter-output>
        </test-method> <!-- sumPositiveAndNegativeLongs -->
        <test-method status="FAIL" signature="sumPositiveAndNegativeLongs(double, double, double)[pri:0, instance:com.epam.testng.parameterizedtests.SumDoublesTest@23ceabc1]" name="sumPositiveAndNegativeLongs" duration-ms="0" started-at="2017-12-15T14:24:13Z" data-provider="sumPositiveAndNegativeDoubles" finished-at="2017-12-15T14:24:13Z">
          <params>
            <param index="0">
              <value>
                <![CDATA[2.14748364666E9]]>
              </value>
            </param>
            <param index="1">
              <value>
                <![CDATA[-1.55]]>
              </value>
            </param>
            <param index="2">
              <value>
                <![CDATA[2.14748364511E9]]>
              </value>
            </param>
          </params>
          <exception class="java.lang.AssertionError">
            <message>
              <![CDATA[Invalid operation result expected [2.14748364511E9] but found [2.1474836451100001E9]]]>
            </message>
            <full-stacktrace>
              <![CDATA[java.lang.AssertionError: Invalid operation result expected [2.14748364511E9] but found [2.1474836451100001E9]at org.testng.Assert.fail(Assert.java:96)at org.testng.Assert.failNotEquals(Assert.java:776)at org.testng.Assert.assertEqualsImpl(Assert.java:137)at org.testng.Assert.assertEquals(Assert.java:118)at com.epam.testng.parameterizedtests.SumDoublesTest.sumPositiveAndNegativeLongs(SumDoublesTest.java:24)at sun.reflect.NativeMethodAccessorImpl.invoke0(Native Method)at sun.reflect.NativeMethodAccessorImpl.invoke(NativeMethodAccessorImpl.java:62)at sun.reflect.DelegatingMethodAccessorImpl.invoke(DelegatingMethodAccessorImpl.java:43)at java.lang.reflect.Method.invoke(Method.java:498)at org.testng.internal.MethodInvocationHelper.invokeMethod(MethodInvocationHelper.java:124)at org.testng.internal.Invoker.invokeMethod(Invoker.java:571)at org.testng.internal.Invoker.invokeTestMethod(Invoker.java:707)at org.testng.internal.Invoker.invokeTestMethods(Invoker.java:979)at org.testng.internal.TestMethodWorker.invokeTestMethods(TestMethodWorker.java:125)at org.testng.internal.TestMethodWorker.run(TestMethodWorker.java:109)at java.util.concurrent.ThreadPoolExecutor.runWorker(ThreadPoolExecutor.java:1149)at java.util.concurrent.ThreadPoolExecutor$Worker.run(ThreadPoolExecutor.java:624)at java.lang.Thread.run(Thread.java:748)]]>
            </full-stacktrace>
          </exception> <!-- java.lang.AssertionError -->
          <reporter-output>
          </reporter-output>
        </test-method> <!-- sumPositiveAndNegativeLongs -->
        <test-method status="PASS" signature="printOnFinish()[pri:0, instance:com.epam.testng.parameterizedtests.SumDoublesTest@23ceabc1]" name="printOnFinish" is-config="true" duration-ms="0" started-at="2017-12-15T14:24:13Z" finished-at="2017-12-15T14:24:13Z">
          <reporter-output>
          </reporter-output>
        </test-method> <!-- printOnFinish -->
        <test-method status="PASS" signature="sumPositiveAndNegativeLongs(double, double, double)[pri:0, instance:com.epam.testng.parameterizedtests.SumDoublesTest@23ceabc1]" name="sumPositiveAndNegativeLongs" duration-ms="0" started-at="2017-12-15T14:24:13Z" data-provider="sumPositiveAndNegativeDoubles" finished-at="2017-12-15T14:24:13Z">
          <params>
            <param index="0">
              <value>
                <![CDATA[1]]>
              </value>
            </param>
            <param index="1">
              <value>
                <![CDATA[-50]]>
              </value>
            </param>
            <param index="2">
              <value>
                <![CDATA[-49.0]]>
              </value>
            </param>
          </params>
          <reporter-output>
          </reporter-output>
        </test-method> <!-- sumPositiveAndNegativeLongs -->
      </class> <!-- com.epam.testng.parameterizedtests.SumDoublesTest -->
    </test> <!-- AdditionTest -->
    <test name="SubtractionTest" duration-ms="5" started-at="2017-12-15T11:24:18Z" finished-at="2017-12-15T11:24:18Z">
      <class name="com.epam.testng.parameterizedtests.SubDoublesTest">
        <test-method status="PASS" signature="setUp()[pri:0, instance:com.epam.testng.parameterizedtests.SubDoublesTest@36d4b5c]" name="setUp" is-config="true" duration-ms="2" started-at="2017-12-15T14:24:18Z" finished-at="2017-12-15T14:24:18Z">
          <reporter-output>
          </reporter-output>
        </test-method> <!-- setUp -->
        <test-method status="PASS" signature="subPositiveAndNegativeLongs(double, double, double)[pri:0, instance:com.epam.testng.parameterizedtests.SubDoublesTest@36d4b5c]" name="subPositiveAndNegativeLongs" duration-ms="0" started-at="2017-12-15T14:24:18Z" data-provider="subPositiveAndNegativeDoubles" finished-at="2017-12-15T14:24:18Z">
          <params>
            <param index="0">
              <value>
                <![CDATA[20.09]]>
              </value>
            </param>
            <param index="1">
              <value>
                <![CDATA[-15.45]]>
              </value>
            </param>
            <param index="2">
              <value>
                <![CDATA[35.54]]>
              </value>
            </param>
          </params>
          <reporter-output>
          </reporter-output>
        </test-method> <!-- subPositiveAndNegativeLongs -->
        <test-method status="PASS" signature="subPositiveAndNegativeLongs(double, double, double)[pri:0, instance:com.epam.testng.parameterizedtests.SubDoublesTest@36d4b5c]" name="subPositiveAndNegativeLongs" duration-ms="0" started-at="2017-12-15T14:24:18Z" data-provider="subPositiveAndNegativeDoubles" finished-at="2017-12-15T14:24:18Z">
          <params>
            <param index="0">
              <value>
                <![CDATA[1]]>
              </value>
            </param>
            <param index="1">
              <value>
                <![CDATA[-50]]>
              </value>
            </param>
            <param index="2">
              <value>
                <![CDATA[51.0]]>
              </value>
            </param>
          </params>
          <reporter-output>
          </reporter-output>
        </test-method> <!-- subPositiveAndNegativeLongs -->
        <test-method status="PASS" signature="subPositiveAndNegativeLongs(double, double, double)[pri:0, instance:com.epam.testng.parameterizedtests.SubDoublesTest@36d4b5c]" name="subPositiveAndNegativeLongs" duration-ms="0" started-at="2017-12-15T14:24:18Z" data-provider="subPositiveAndNegativeDoubles" finished-at="2017-12-15T14:24:18Z">
          <params>
            <param index="0">
              <value>
                <![CDATA[2.14748364666E9]]>
              </value>
            </param>
            <param index="1">
              <value>
                <![CDATA[-1.55]]>
              </value>
            </param>
            <param index="2">
              <value>
                <![CDATA[2.14748364821E9]]>
              </value>
            </param>
          </params>
          <reporter-output>
          </reporter-output>
        </test-method> <!-- subPositiveAndNegativeLongs -->
        <test-method status="PASS" signature="printOnFinish()[pri:0, instance:com.epam.testng.parameterizedtests.SubDoublesTest@36d4b5c]" name="printOnFinish" is-config="true" duration-ms="0" started-at="2017-12-15T14:24:18Z" finished-at="2017-12-15T14:24:18Z">
          <reporter-output>
          </reporter-output>
        </test-method> <!-- printOnFinish -->
      </class> <!-- com.epam.testng.parameterizedtests.SubDoublesTest -->
      <class name="com.epam.testng.parameterizedtests.SubLongsTest">
        <test-method status="PASS" signature="setUp()[pri:0, instance:com.epam.testng.parameterizedtests.SubLongsTest@6d00a15d]" name="setUp" is-config="true" duration-ms="1" started-at="2017-12-15T14:24:18Z" finished-at="2017-12-15T14:24:18Z">
          <reporter-output>
          </reporter-output>
        </test-method> <!-- setUp -->
        <test-method status="PASS" signature="subPositiveAndNegativeLongs(long, long, long)[pri:0, instance:com.epam.testng.parameterizedtests.SubLongsTest@6d00a15d]" name="subPositiveAndNegativeLongs" duration-ms="0" started-at="2017-12-15T14:24:18Z" data-provider="subPositiveAndNegativeLongs" finished-at="2017-12-15T14:24:18Z">
          <params>
            <param index="0">
              <value>
                <![CDATA[2147483646]]>
              </value>
            </param>
            <param index="1">
              <value>
                <![CDATA[-1]]>
              </value>
            </param>
            <param index="2">
              <value>
                <![CDATA[2147483647]]>
              </value>
            </param>
          </params>
          <reporter-output>
          </reporter-output>
        </test-method> <!-- subPositiveAndNegativeLongs -->
        <test-method status="PASS" signature="subPositiveAndNegativeLongs(long, long, long)[pri:0, instance:com.epam.testng.parameterizedtests.SubLongsTest@6d00a15d]" name="subPositiveAndNegativeLongs" duration-ms="0" started-at="2017-12-15T14:24:18Z" data-provider="subPositiveAndNegativeLongs" finished-at="2017-12-15T14:24:18Z">
          <params>
            <param index="0">
              <value>
                <![CDATA[20]]>
              </value>
            </param>
            <param index="1">
              <value>
                <![CDATA[-15]]>
              </value>
            </param>
            <param index="2">
              <value>
                <![CDATA[35]]>
              </value>
            </param>
          </params>
          <reporter-output>
          </reporter-output>
        </test-method> <!-- subPositiveAndNegativeLongs -->
        <test-method status="PASS" signature="printOnFinish()[pri:0, instance:com.epam.testng.parameterizedtests.SubLongsTest@6d00a15d]" name="printOnFinish" is-config="true" duration-ms="0" started-at="2017-12-15T14:24:18Z" finished-at="2017-12-15T14:24:18Z">
          <reporter-output>
          </reporter-output>
        </test-method> <!-- printOnFinish -->
        <test-method status="PASS" signature="subPositiveAndNegativeLongs(long, long, long)[pri:0, instance:com.epam.testng.parameterizedtests.SubLongsTest@6d00a15d]" name="subPositiveAndNegativeLongs" duration-ms="0" started-at="2017-12-15T14:24:18Z" data-provider="subPositiveAndNegativeLongs" finished-at="2017-12-15T14:24:18Z">
          <params>
            <param index="0">
              <value>
                <![CDATA[1]]>
              </value>
            </param>
            <param index="1">
              <value>
                <![CDATA[-50]]>
              </value>
            </param>
            <param index="2">
              <value>
                <![CDATA[51]]>
              </value>
            </param>
          </params>
          <reporter-output>
          </reporter-output>
        </test-method> <!-- subPositiveAndNegativeLongs -->
      </class> <!-- com.epam.testng.parameterizedtests.SubLongsTest -->
    </test> <!-- SubtractionTest -->
    <test name="MultiplicationTest" duration-ms="7" started-at="2017-12-15T11:24:23Z" finished-at="2017-12-15T11:24:23Z">
      <class name="com.epam.testng.basictests.BasicMultLongsTest">
        <test-method status="PASS" signature="setUp()[pri:0, instance:com.epam.testng.basictests.BasicMultLongsTest@d2cc05a]" name="setUp" is-config="true" duration-ms="1" started-at="2017-12-15T14:24:23Z" finished-at="2017-12-15T14:24:23Z">
          <reporter-output>
          </reporter-output>
        </test-method> <!-- setUp -->
        <test-method status="PASS" signature="printOnFinish()[pri:0, instance:com.epam.testng.basictests.BasicMultLongsTest@d2cc05a]" name="printOnFinish" is-config="true" duration-ms="1" started-at="2017-12-15T14:24:23Z" finished-at="2017-12-15T14:24:23Z">
          <reporter-output>
          </reporter-output>
        </test-method> <!-- printOnFinish -->
        <test-method status="PASS" signature="multNegativeaAndPositiveLongs()[pri:0, instance:com.epam.testng.basictests.BasicMultLongsTest@d2cc05a]" name="multNegativeaAndPositiveLongs" duration-ms="0" started-at="2017-12-15T14:24:23Z" finished-at="2017-12-15T14:24:23Z">
          <reporter-output>
          </reporter-output>
        </test-method> <!-- multNegativeaAndPositiveLongs -->
      </class> <!-- com.epam.testng.basictests.BasicMultLongsTest -->
      <class name="com.epam.testng.basictests.BasicMultDoublesTest">
        <test-method status="PASS" signature="setUp()[pri:0, instance:com.epam.testng.basictests.BasicMultDoublesTest@7dc7cbad]" name="setUp" is-config="true" duration-ms="1" started-at="2017-12-15T14:24:23Z" finished-at="2017-12-15T14:24:23Z">
          <reporter-output>
          </reporter-output>
        </test-method> <!-- setUp -->
        <test-method status="PASS" signature="multNegativeaAndPositiveLongs()[pri:0, instance:com.epam.testng.basictests.BasicMultDoublesTest@7dc7cbad]" name="multNegativeaAndPositiveLongs" duration-ms="1" started-at="2017-12-15T14:24:23Z" finished-at="2017-12-15T14:24:23Z">
          <reporter-output>
          </reporter-output>
        </test-method> <!-- multNegativeaAndPositiveLongs -->
        <test-method status="PASS" signature="printOnFinish()[pri:0, instance:com.epam.testng.basictests.BasicMultDoublesTest@7dc7cbad]" name="printOnFinish" is-config="true" duration-ms="0" started-at="2017-12-15T14:24:23Z" finished-at="2017-12-15T14:24:23Z">
          <reporter-output>
          </reporter-output>
        </test-method> <!-- printOnFinish -->
      </class> <!-- com.epam.testng.basictests.BasicMultDoublesTest -->
      <class name="com.epam.testng.parameterizedtests.MultDoublesTest">
        <test-method status="PASS" signature="setUp()[pri:0, instance:com.epam.testng.parameterizedtests.MultDoublesTest@735b5592]" name="setUp" is-config="true" duration-ms="1" started-at="2017-12-15T14:24:23Z" finished-at="2017-12-15T14:24:23Z">
          <reporter-output>
          </reporter-output>
        </test-method> <!-- setUp -->
        <test-method status="FAIL" signature="testDoublesMult()[pri:0, instance:com.epam.testng.parameterizedtests.MultDoublesTest@62ee68d8]" name="testDoublesMult" duration-ms="1" started-at="2017-12-15T14:24:23Z" finished-at="2017-12-15T14:24:23Z">
          <exception class="java.lang.AssertionError">
            <message>
              <![CDATA[Invalid operation result. Please, try again expected [3.03] but found [3.0]]]>
            </message>
            <full-stacktrace>
              <![CDATA[java.lang.AssertionError: Invalid operation result. Please, try again expected [3.03] but found [3.0]at org.testng.Assert.fail(Assert.java:96)at org.testng.Assert.failNotEquals(Assert.java:776)at org.testng.Assert.assertEqualsImpl(Assert.java:137)at org.testng.Assert.assertEquals(Assert.java:118)at com.epam.testng.parameterizedtests.MultDoublesTest.testDoublesMult(MultDoublesTest.java:23)at sun.reflect.NativeMethodAccessorImpl.invoke0(Native Method)at sun.reflect.NativeMethodAccessorImpl.invoke(NativeMethodAccessorImpl.java:62)at sun.reflect.DelegatingMethodAccessorImpl.invoke(DelegatingMethodAccessorImpl.java:43)at java.lang.reflect.Method.invoke(Method.java:498)at org.testng.internal.MethodInvocationHelper.invokeMethod(MethodInvocationHelper.java:124)at org.testng.internal.Invoker.invokeMethod(Invoker.java:571)at org.testng.internal.Invoker.invokeTestMethod(Invoker.java:707)at org.testng.internal.Invoker.invokeTestMethods(Invoker.java:979)at org.testng.internal.TestMethodWorker.invokeTestMethods(TestMethodWorker.java:125)at org.testng.internal.TestMethodWorker.run(TestMethodWorker.java:109)at java.util.concurrent.ThreadPoolExecutor.runWorker(ThreadPoolExecutor.java:1149)at java.util.concurrent.ThreadPoolExecutor$Worker.run(ThreadPoolExecutor.java:624)at java.lang.Thread.run(Thread.java:748)]]>
            </full-stacktrace>
          </exception> <!-- java.lang.AssertionError -->
          <reporter-output>
          </reporter-output>
        </test-method> <!-- testDoublesMult -->
        <test-method status="PASS" signature="printOnFinish()[pri:0, instance:com.epam.testng.parameterizedtests.MultDoublesTest@735b5592]" name="printOnFinish" is-config="true" duration-ms="0" started-at="2017-12-15T14:24:23Z" finished-at="2017-12-15T14:24:23Z">
          <reporter-output>
          </reporter-output>
        </test-method> <!-- printOnFinish -->
        <test-method status="PASS" signature="setUp()[pri:0, instance:com.epam.testng.parameterizedtests.MultDoublesTest@735b5592]" name="setUp" is-config="true" duration-ms="1" started-at="2017-12-15T14:24:23Z" finished-at="2017-12-15T14:24:23Z">
          <reporter-output>
          </reporter-output>
        </test-method> <!-- setUp -->
        <test-method status="FAIL" signature="testDoublesMult()[pri:0, instance:com.epam.testng.parameterizedtests.MultDoublesTest@735b5592]" name="testDoublesMult" duration-ms="0" started-at="2017-12-15T14:24:23Z" finished-at="2017-12-15T14:24:23Z">
          <exception class="java.lang.AssertionError">
            <message>
              <![CDATA[Invalid operation result. Please, try again expected [-6.9] but found [-7.0]]]>
            </message>
            <full-stacktrace>
              <![CDATA[java.lang.AssertionError: Invalid operation result. Please, try again expected [-6.9] but found [-7.0]at org.testng.Assert.fail(Assert.java:96)at org.testng.Assert.failNotEquals(Assert.java:776)at org.testng.Assert.assertEqualsImpl(Assert.java:137)at org.testng.Assert.assertEquals(Assert.java:118)at com.epam.testng.parameterizedtests.MultDoublesTest.testDoublesMult(MultDoublesTest.java:23)at sun.reflect.NativeMethodAccessorImpl.invoke0(Native Method)at sun.reflect.NativeMethodAccessorImpl.invoke(NativeMethodAccessorImpl.java:62)at sun.reflect.DelegatingMethodAccessorImpl.invoke(DelegatingMethodAccessorImpl.java:43)at java.lang.reflect.Method.invoke(Method.java:498)at org.testng.internal.MethodInvocationHelper.invokeMethod(MethodInvocationHelper.java:124)at org.testng.internal.Invoker.invokeMethod(Invoker.java:571)at org.testng.internal.Invoker.invokeTestMethod(Invoker.java:707)at org.testng.internal.Invoker.invokeTestMethods(Invoker.java:979)at org.testng.internal.TestMethodWorker.invokeTestMethods(TestMethodWorker.java:125)at org.testng.internal.TestMethodWorker.run(TestMethodWorker.java:109)at java.util.concurrent.ThreadPoolExecutor.runWorker(ThreadPoolExecutor.java:1149)at java.util.concurrent.ThreadPoolExecutor$Worker.run(ThreadPoolExecutor.java:624)at java.lang.Thread.run(Thread.java:748)]]>
            </full-stacktrace>
          </exception> <!-- java.lang.AssertionError -->
          <reporter-output>
          </reporter-output>
        </test-method> <!-- testDoublesMult -->
        <test-method status="PASS" signature="printOnFinish()[pri:0, instance:com.epam.testng.parameterizedtests.MultDoublesTest@735b5592]" name="printOnFinish" is-config="true" duration-ms="0" started-at="2017-12-15T14:24:23Z" finished-at="2017-12-15T14:24:23Z">
          <reporter-output>
          </reporter-output>
        </test-method> <!-- printOnFinish -->
        <test-method status="FAIL" signature="testDoublesMult()[pri:0, instance:com.epam.testng.parameterizedtests.MultDoublesTest@9629756]" name="testDoublesMult" duration-ms="1" started-at="2017-12-15T14:24:23Z" finished-at="2017-12-15T14:24:23Z">
          <exception class="java.lang.AssertionError">
            <message>
              <![CDATA[Invalid operation result. Please, try again expected [0.04] but found [0.0]]]>
            </message>
            <full-stacktrace>
              <![CDATA[java.lang.AssertionError: Invalid operation result. Please, try again expected [0.04] but found [0.0]at org.testng.Assert.fail(Assert.java:96)at org.testng.Assert.failNotEquals(Assert.java:776)at org.testng.Assert.assertEqualsImpl(Assert.java:137)at org.testng.Assert.assertEquals(Assert.java:118)at com.epam.testng.parameterizedtests.MultDoublesTest.testDoublesMult(MultDoublesTest.java:23)at sun.reflect.NativeMethodAccessorImpl.invoke0(Native Method)at sun.reflect.NativeMethodAccessorImpl.invoke(NativeMethodAccessorImpl.java:62)at sun.reflect.DelegatingMethodAccessorImpl.invoke(DelegatingMethodAccessorImpl.java:43)at java.lang.reflect.Method.invoke(Method.java:498)at org.testng.internal.MethodInvocationHelper.invokeMethod(MethodInvocationHelper.java:124)at org.testng.internal.Invoker.invokeMethod(Invoker.java:571)at org.testng.internal.Invoker.invokeTestMethod(Invoker.java:707)at org.testng.internal.Invoker.invokeTestMethods(Invoker.java:979)at org.testng.internal.TestMethodWorker.invokeTestMethods(TestMethodWorker.java:125)at org.testng.internal.TestMethodWorker.run(TestMethodWorker.java:109)at java.util.concurrent.ThreadPoolExecutor.runWorker(ThreadPoolExecutor.java:1149)at java.util.concurrent.ThreadPoolExecutor$Worker.run(ThreadPoolExecutor.java:624)at java.lang.Thread.run(Thread.java:748)]]>
            </full-stacktrace>
          </exception> <!-- java.lang.AssertionError -->
          <reporter-output>
          </reporter-output>
        </test-method> <!-- testDoublesMult -->
        <test-method status="PASS" signature="setUp()[pri:0, instance:com.epam.testng.parameterizedtests.MultDoublesTest@735b5592]" name="setUp" is-config="true" duration-ms="0" started-at="2017-12-15T14:24:23Z" finished-at="2017-12-15T14:24:23Z">
          <reporter-output>
          </reporter-output>
        </test-method> <!-- setUp -->
        <test-method status="PASS" signature="printOnFinish()[pri:0, instance:com.epam.testng.parameterizedtests.MultDoublesTest@735b5592]" name="printOnFinish" is-config="true" duration-ms="0" started-at="2017-12-15T14:24:23Z" finished-at="2017-12-15T14:24:23Z">
          <reporter-output>
          </reporter-output>
        </test-method> <!-- printOnFinish -->
      </class> <!-- com.epam.testng.parameterizedtests.MultDoublesTest -->
      <class name="com.epam.testng.parameterizedtests.MultLongsTest">
        <test-method status="PASS" signature="setUp()[pri:0, instance:com.epam.testng.parameterizedtests.MultLongsTest@5419f379]" name="setUp" is-config="true" duration-ms="0" started-at="2017-12-15T14:24:23Z" finished-at="2017-12-15T14:24:23Z">
          <reporter-output>
          </reporter-output>
        </test-method> <!-- setUp -->
        <test-method status="PASS" signature="testLongMult()[pri:0, instance:com.epam.testng.parameterizedtests.MultLongsTest@4520ebad]" name="testLongMult" duration-ms="1" started-at="2017-12-15T14:24:23Z" finished-at="2017-12-15T14:24:23Z">
          <reporter-output>
          </reporter-output>
        </test-method> <!-- testLongMult -->
        <test-method status="PASS" signature="setUp()[pri:0, instance:com.epam.testng.parameterizedtests.MultLongsTest@5419f379]" name="setUp" is-config="true" duration-ms="1" started-at="2017-12-15T14:24:23Z" finished-at="2017-12-15T14:24:23Z">
          <reporter-output>
          </reporter-output>
        </test-method> <!-- setUp -->
        <test-method status="PASS" signature="printOnFinish()[pri:0, instance:com.epam.testng.parameterizedtests.MultLongsTest@5419f379]" name="printOnFinish" is-config="true" duration-ms="0" started-at="2017-12-15T14:24:23Z" finished-at="2017-12-15T14:24:23Z">
          <reporter-output>
          </reporter-output>
        </test-method> <!-- printOnFinish -->
        <test-method status="PASS" signature="setUp()[pri:0, instance:com.epam.testng.parameterizedtests.MultLongsTest@5419f379]" name="setUp" is-config="true" duration-ms="1" started-at="2017-12-15T14:24:23Z" finished-at="2017-12-15T14:24:23Z">
          <reporter-output>
          </reporter-output>
        </test-method> <!-- setUp -->
        <test-method status="PASS" signature="testLongMult()[pri:0, instance:com.epam.testng.parameterizedtests.MultLongsTest@5419f379]" name="testLongMult" duration-ms="0" started-at="2017-12-15T14:24:23Z" finished-at="2017-12-15T14:24:23Z">
          <reporter-output>
          </reporter-output>
        </test-method> <!-- testLongMult -->
        <test-method status="PASS" signature="printOnFinish()[pri:0, instance:com.epam.testng.parameterizedtests.MultLongsTest@5419f379]" name="printOnFinish" is-config="true" duration-ms="0" started-at="2017-12-15T14:24:23Z" finished-at="2017-12-15T14:24:23Z">
          <reporter-output>
          </reporter-output>
        </test-method> <!-- printOnFinish -->
        <test-method status="PASS" signature="printOnFinish()[pri:0, instance:com.epam.testng.parameterizedtests.MultLongsTest@5419f379]" name="printOnFinish" is-config="true" duration-ms="0" started-at="2017-12-15T14:24:23Z" finished-at="2017-12-15T14:24:23Z">
          <reporter-output>
          </reporter-output>
        </test-method> <!-- printOnFinish -->
        <test-method status="PASS" signature="testLongMult()[pri:0, instance:com.epam.testng.parameterizedtests.MultLongsTest@58651fd0]" name="testLongMult" duration-ms="0" started-at="2017-12-15T14:24:23Z" finished-at="2017-12-15T14:24:23Z">
          <reporter-output>
          </reporter-output>
        </test-method> <!-- testLongMult -->
      </class> <!-- com.epam.testng.parameterizedtests.MultLongsTest -->
    </test> <!-- MultiplicationTest -->
    <test name="DivisionTest" duration-ms="7" started-at="2017-12-15T11:24:28Z" finished-at="2017-12-15T11:24:28Z">
      <class name="com.epam.testng.parameterizedtests.DivLongsTest">
        <test-method status="PASS" signature="setUp()[pri:0, instance:com.epam.testng.parameterizedtests.DivLongsTest@51565ec2]" name="setUp" is-config="true" duration-ms="1" started-at="2017-12-15T14:24:28Z" finished-at="2017-12-15T14:24:28Z">
          <reporter-output>
          </reporter-output>
        </test-method> <!-- setUp -->
        <test-method status="PASS" signature="printOnFinish()[pri:0, instance:com.epam.testng.parameterizedtests.DivLongsTest@51565ec2]" name="printOnFinish" is-config="true" duration-ms="1" started-at="2017-12-15T14:24:28Z" finished-at="2017-12-15T14:24:28Z">
          <reporter-output>
          </reporter-output>
        </test-method> <!-- printOnFinish -->
        <test-method status="PASS" signature="testLongDiv()[pri:0, instance:com.epam.testng.parameterizedtests.DivLongsTest@28feb3fa]" name="testLongDiv" duration-ms="0" started-at="2017-12-15T14:24:28Z" finished-at="2017-12-15T14:24:28Z">
          <reporter-output>
          </reporter-output>
        </test-method> <!-- testLongDiv -->
        <test-method status="PASS" signature="testLongDiv()[pri:0, instance:com.epam.testng.parameterizedtests.DivLongsTest@51565ec2]" name="testLongDiv" duration-ms="0" started-at="2017-12-15T14:24:28Z" finished-at="2017-12-15T14:24:28Z">
          <reporter-output>
          </reporter-output>
        </test-method> <!-- testLongDiv -->
        <test-method status="PASS" signature="printOnFinish()[pri:0, instance:com.epam.testng.parameterizedtests.DivLongsTest@51565ec2]" name="printOnFinish" is-config="true" duration-ms="0" started-at="2017-12-15T14:24:28Z" finished-at="2017-12-15T14:24:28Z">
          <reporter-output>
          </reporter-output>
        </test-method> <!-- printOnFinish -->
        <test-method status="PASS" signature="setUp()[pri:0, instance:com.epam.testng.parameterizedtests.DivLongsTest@51565ec2]" name="setUp" is-config="true" duration-ms="0" started-at="2017-12-15T14:24:28Z" finished-at="2017-12-15T14:24:28Z">
          <reporter-output>
          </reporter-output>
        </test-method> <!-- setUp -->
        <test-method status="PASS" signature="testLongDiv()[pri:0, instance:com.epam.testng.parameterizedtests.DivLongsTest@675d3402]" name="testLongDiv" duration-ms="0" started-at="2017-12-15T14:24:28Z" finished-at="2017-12-15T14:24:28Z">
          <reporter-output>
          </reporter-output>
        </test-method> <!-- testLongDiv -->
        <test-method status="PASS" signature="setUp()[pri:0, instance:com.epam.testng.parameterizedtests.DivLongsTest@51565ec2]" name="setUp" is-config="true" duration-ms="0" started-at="2017-12-15T14:24:28Z" finished-at="2017-12-15T14:24:28Z">
          <reporter-output>
          </reporter-output>
        </test-method> <!-- setUp -->
        <test-method status="PASS" signature="printOnFinish()[pri:0, instance:com.epam.testng.parameterizedtests.DivLongsTest@51565ec2]" name="printOnFinish" is-config="true" duration-ms="0" started-at="2017-12-15T14:24:28Z" finished-at="2017-12-15T14:24:28Z">
          <reporter-output>
          </reporter-output>
        </test-method> <!-- printOnFinish -->
      </class> <!-- com.epam.testng.parameterizedtests.DivLongsTest -->
      <class name="com.epam.testng.basictests.BasicDivDoublesTest">
        <test-method status="PASS" signature="setUp()[pri:0, instance:com.epam.testng.basictests.BasicDivDoublesTest@482f8f11]" name="setUp" is-config="true" duration-ms="0" started-at="2017-12-15T14:24:28Z" finished-at="2017-12-15T14:24:28Z">
          <reporter-output>
          </reporter-output>
        </test-method> <!-- setUp -->
        <test-method status="PASS" signature="divideNegativeAndPositiveValues()[pri:0, instance:com.epam.testng.basictests.BasicDivDoublesTest@482f8f11]" name="divideNegativeAndPositiveValues" duration-ms="0" started-at="2017-12-15T14:24:28Z" finished-at="2017-12-15T14:24:28Z">
          <reporter-output>
          </reporter-output>
        </test-method> <!-- divideNegativeAndPositiveValues -->
        <test-method status="PASS" signature="printOnFinish()[pri:0, instance:com.epam.testng.basictests.BasicDivDoublesTest@482f8f11]" name="printOnFinish" is-config="true" duration-ms="0" started-at="2017-12-15T14:24:28Z" finished-at="2017-12-15T14:24:28Z">
          <reporter-output>
          </reporter-output>
        </test-method> <!-- printOnFinish -->
      </class> <!-- com.epam.testng.basictests.BasicDivDoublesTest -->
      <class name="com.epam.testng.parameterizedtests.DivDoublesTest">
        <test-method status="PASS" signature="setUp()[pri:0, instance:com.epam.testng.parameterizedtests.DivDoublesTest@68be2bc2]" name="setUp" is-config="true" duration-ms="0" started-at="2017-12-15T14:24:28Z" finished-at="2017-12-15T14:24:28Z">
          <reporter-output>
          </reporter-output>
        </test-method> <!-- setUp -->
        <test-method status="PASS" signature="printOnFinish()[pri:0, instance:com.epam.testng.parameterizedtests.DivDoublesTest@68be2bc2]" name="printOnFinish" is-config="true" duration-ms="1" started-at="2017-12-15T14:24:28Z" finished-at="2017-12-15T14:24:28Z">
          <reporter-output>
          </reporter-output>
        </test-method> <!-- printOnFinish -->
        <test-method status="PASS" signature="testLongDiv()[pri:0, instance:com.epam.testng.parameterizedtests.DivDoublesTest@20e2cbe0]" name="testLongDiv" duration-ms="0" started-at="2017-12-15T14:24:28Z" finished-at="2017-12-15T14:24:28Z">
          <reporter-output>
          </reporter-output>
        </test-method> <!-- testLongDiv -->
        <test-method status="PASS" signature="setUp()[pri:0, instance:com.epam.testng.parameterizedtests.DivDoublesTest@68be2bc2]" name="setUp" is-config="true" duration-ms="0" started-at="2017-12-15T14:24:28Z" finished-at="2017-12-15T14:24:28Z">
          <reporter-output>
          </reporter-output>
        </test-method> <!-- setUp -->
        <test-method status="PASS" signature="setUp()[pri:0, instance:com.epam.testng.parameterizedtests.DivDoublesTest@68be2bc2]" name="setUp" is-config="true" duration-ms="0" started-at="2017-12-15T14:24:28Z" finished-at="2017-12-15T14:24:28Z">
          <reporter-output>
          </reporter-output>
        </test-method> <!-- setUp -->
        <test-method status="PASS" signature="testLongDiv()[pri:0, instance:com.epam.testng.parameterizedtests.DivDoublesTest@2a5ca609]" name="testLongDiv" duration-ms="0" started-at="2017-12-15T14:24:28Z" finished-at="2017-12-15T14:24:28Z">
          <reporter-output>
          </reporter-output>
        </test-method> <!-- testLongDiv -->
        <test-method status="PASS" signature="printOnFinish()[pri:0, instance:com.epam.testng.parameterizedtests.DivDoublesTest@68be2bc2]" name="printOnFinish" is-config="true" duration-ms="0" started-at="2017-12-15T14:24:28Z" finished-at="2017-12-15T14:24:28Z">
          <reporter-output>
          </reporter-output>
        </test-method> <!-- printOnFinish -->
        <test-method status="PASS" signature="testLongDiv()[pri:0, instance:com.epam.testng.parameterizedtests.DivDoublesTest@68be2bc2]" name="testLongDiv" duration-ms="1" started-at="2017-12-15T14:24:28Z" finished-at="2017-12-15T14:24:28Z">
          <reporter-output>
          </reporter-output>
        </test-method> <!-- testLongDiv -->
        <test-method status="PASS" signature="printOnFinish()[pri:0, instance:com.epam.testng.parameterizedtests.DivDoublesTest@68be2bc2]" name="printOnFinish" is-config="true" duration-ms="0" started-at="2017-12-15T14:24:28Z" finished-at="2017-12-15T14:24:28Z">
          <reporter-output>
          </reporter-output>
        </test-method> <!-- printOnFinish -->
      </class> <!-- com.epam.testng.parameterizedtests.DivDoublesTest -->
      <class name="com.epam.testng.basictests.BasicDivLongsTest">
        <test-method status="PASS" signature="setUp()[pri:0, instance:com.epam.testng.basictests.BasicDivLongsTest@1593948d]" name="setUp" is-config="true" duration-ms="1" started-at="2017-12-15T14:24:28Z" finished-at="2017-12-15T14:24:28Z">
          <reporter-output>
          </reporter-output>
        </test-method> <!-- setUp -->
        <test-method status="PASS" signature="divideNegativeAndPositiveValues()[pri:0, instance:com.epam.testng.basictests.BasicDivLongsTest@1593948d]" name="divideNegativeAndPositiveValues" duration-ms="1" started-at="2017-12-15T14:24:28Z" finished-at="2017-12-15T14:24:28Z">
          <reporter-output>
          </reporter-output>
        </test-method> <!-- divideNegativeAndPositiveValues -->
        <test-method status="PASS" signature="printOnFinish()[pri:0, instance:com.epam.testng.basictests.BasicDivLongsTest@1593948d]" name="printOnFinish" is-config="true" duration-ms="1" started-at="2017-12-15T14:24:28Z" finished-at="2017-12-15T14:24:28Z">
          <reporter-output>
          </reporter-output>
        </test-method> <!-- printOnFinish -->
      </class> <!-- com.epam.testng.basictests.BasicDivLongsTest -->
    </test> <!-- DivisionTest -->
    <test name="CosinusTest" duration-ms="18" started-at="2017-12-15T11:24:33Z" finished-at="2017-12-15T11:24:33Z">
      <class name="com.epam.testng.basictests.BasicCosTest">
        <test-method status="PASS" signature="setUp()[pri:0, instance:com.epam.testng.basictests.BasicCosTest@6767c1fc]" name="setUp" is-config="true" duration-ms="12" started-at="2017-12-15T14:24:33Z" finished-at="2017-12-15T14:24:33Z">
          <reporter-output>
          </reporter-output>
        </test-method> <!-- setUp -->
        <test-method status="FAIL" signature="testNegativeAngle()[pri:0, instance:com.epam.testng.basictests.BasicCosTest@6767c1fc]" name="testNegativeAngle" duration-ms="0" started-at="2017-12-15T14:24:33Z" finished-at="2017-12-15T14:24:33Z">
          <exception class="java.lang.AssertionError">
            <message>
              <![CDATA[Invalid operation result expected [0.9986295347545738] but found [-0.05233595624294383]]]>
            </message>
            <full-stacktrace>
              <![CDATA[java.lang.AssertionError: Invalid operation result expected [0.9986295347545738] but found [-0.05233595624294383]at org.testng.Assert.fail(Assert.java:96)at org.testng.Assert.failNotEquals(Assert.java:776)at org.testng.Assert.assertEqualsImpl(Assert.java:137)at org.testng.Assert.assertEquals(Assert.java:118)at com.epam.testng.basictests.BasicCosTest.testNegativeAngle(BasicCosTest.java:34)at sun.reflect.NativeMethodAccessorImpl.invoke0(Native Method)at sun.reflect.NativeMethodAccessorImpl.invoke(NativeMethodAccessorImpl.java:62)at sun.reflect.DelegatingMethodAccessorImpl.invoke(DelegatingMethodAccessorImpl.java:43)at java.lang.reflect.Method.invoke(Method.java:498)at org.testng.internal.MethodInvocationHelper.invokeMethod(MethodInvocationHelper.java:124)at org.testng.internal.Invoker.invokeMethod(Invoker.java:571)at org.testng.internal.Invoker.invokeTestMethod(Invoker.java:707)at org.testng.internal.Invoker.invokeTestMethods(Invoker.java:979)at org.testng.internal.TestMethodWorker.invokeTestMethods(TestMethodWorker.java:125)at org.testng.internal.TestMethodWorker.run(TestMethodWorker.java:109)at java.util.concurrent.ThreadPoolExecutor.runWorker(ThreadPoolExecutor.java:1149)at java.util.concurrent.ThreadPoolExecutor$Worker.run(ThreadPoolExecutor.java:624)at java.lang.Thread.run(Thread.java:748)]]>
            </full-stacktrace>
          </exception> <!-- java.lang.AssertionError -->
          <reporter-output>
          </reporter-output>
        </test-method> <!-- testNegativeAngle -->
        <test-method status="PASS" signature="printOnFinish()[pri:0, instance:com.epam.testng.basictests.BasicCosTest@6767c1fc]" name="printOnFinish" is-config="true" duration-ms="1" started-at="2017-12-15T14:24:33Z" finished-at="2017-12-15T14:24:33Z">
          <reporter-output>
          </reporter-output>
        </test-method> <!-- printOnFinish -->
      </class> <!-- com.epam.testng.basictests.BasicCosTest -->
      <class name="com.epam.testng.parameterizedtests.CosTest">
        <test-method status="PASS" signature="setUp()[pri:0, instance:com.epam.testng.parameterizedtests.CosTest@4678c730]" name="setUp" is-config="true" duration-ms="1" started-at="2017-12-15T14:24:33Z" finished-at="2017-12-15T14:24:33Z">
          <reporter-output>
          </reporter-output>
        </test-method> <!-- setUp -->
        <test-method status="PASS" signature="printOnFinish()[pri:0, instance:com.epam.testng.parameterizedtests.CosTest@4678c730]" name="printOnFinish" is-config="true" duration-ms="0" started-at="2017-12-15T14:24:33Z" finished-at="2017-12-15T14:24:33Z">
          <reporter-output>
          </reporter-output>
        </test-method> <!-- printOnFinish -->
        <test-method status="FAIL" signature="testAngles()[pri:0, instance:com.epam.testng.parameterizedtests.CosTest@39aeed2f]" name="testAngles" duration-ms="0" started-at="2017-12-15T14:24:33Z" finished-at="2017-12-15T14:24:33Z">
          <exception class="java.lang.AssertionError">
            <message>
              <![CDATA[Invalid operation result expected [-0.9135454576426004] but found [0.4067366430758013]]]>
            </message>
            <full-stacktrace>
              <![CDATA[java.lang.AssertionError: Invalid operation result expected [-0.9135454576426004] but found [0.4067366430758013]at org.testng.Assert.fail(Assert.java:96)at org.testng.Assert.failNotEquals(Assert.java:776)at org.testng.Assert.assertEqualsImpl(Assert.java:137)at org.testng.Assert.assertEquals(Assert.java:118)at com.epam.testng.parameterizedtests.CosTest.testAngles(CosTest.java:22)at sun.reflect.NativeMethodAccessorImpl.invoke0(Native Method)at sun.reflect.NativeMethodAccessorImpl.invoke(NativeMethodAccessorImpl.java:62)at sun.reflect.DelegatingMethodAccessorImpl.invoke(DelegatingMethodAccessorImpl.java:43)at java.lang.reflect.Method.invoke(Method.java:498)at org.testng.internal.MethodInvocationHelper.invokeMethod(MethodInvocationHelper.java:124)at org.testng.internal.Invoker.invokeMethod(Invoker.java:571)at org.testng.internal.Invoker.invokeTestMethod(Invoker.java:707)at org.testng.internal.Invoker.invokeTestMethods(Invoker.java:979)at org.testng.internal.TestMethodWorker.invokeTestMethods(TestMethodWorker.java:125)at org.testng.internal.TestMethodWorker.run(TestMethodWorker.java:109)at java.util.concurrent.ThreadPoolExecutor.runWorker(ThreadPoolExecutor.java:1149)at java.util.concurrent.ThreadPoolExecutor$Worker.run(ThreadPoolExecutor.java:624)at java.lang.Thread.run(Thread.java:748)]]>
            </full-stacktrace>
          </exception> <!-- java.lang.AssertionError -->
          <reporter-output>
          </reporter-output>
        </test-method> <!-- testAngles -->
        <test-method status="FAIL" signature="testAngles()[pri:0, instance:com.epam.testng.parameterizedtests.CosTest@4678c730]" name="testAngles" duration-ms="1" started-at="2017-12-15T14:24:33Z" finished-at="2017-12-15T14:24:33Z">
          <exception class="java.lang.AssertionError">
            <message>
              <![CDATA[Invalid operation result expected [0.9999984769132877] but found [0.0017453283658983088]]]>
            </message>
            <full-stacktrace>
              <![CDATA[java.lang.AssertionError: Invalid operation result expected [0.9999984769132877] but found [0.0017453283658983088]at org.testng.Assert.fail(Assert.java:96)at org.testng.Assert.failNotEquals(Assert.java:776)at org.testng.Assert.assertEqualsImpl(Assert.java:137)at org.testng.Assert.assertEquals(Assert.java:118)at com.epam.testng.parameterizedtests.CosTest.testAngles(CosTest.java:22)at sun.reflect.NativeMethodAccessorImpl.invoke0(Native Method)at sun.reflect.NativeMethodAccessorImpl.invoke(NativeMethodAccessorImpl.java:62)at sun.reflect.DelegatingMethodAccessorImpl.invoke(DelegatingMethodAccessorImpl.java:43)at java.lang.reflect.Method.invoke(Method.java:498)at org.testng.internal.MethodInvocationHelper.invokeMethod(MethodInvocationHelper.java:124)at org.testng.internal.Invoker.invokeMethod(Invoker.java:571)at org.testng.internal.Invoker.invokeTestMethod(Invoker.java:707)at org.testng.internal.Invoker.invokeTestMethods(Invoker.java:979)at org.testng.internal.TestMethodWorker.invokeTestMethods(TestMethodWorker.java:125)at org.testng.internal.TestMethodWorker.run(TestMethodWorker.java:109)at java.util.concurrent.ThreadPoolExecutor.runWorker(ThreadPoolExecutor.java:1149)at java.util.concurrent.ThreadPoolExecutor$Worker.run(ThreadPoolExecutor.java:624)at java.lang.Thread.run(Thread.java:748)]]>
            </full-stacktrace>
          </exception> <!-- java.lang.AssertionError -->
          <reporter-output>
          </reporter-output>
        </test-method> <!-- testAngles -->
        <test-method status="PASS" signature="setUp()[pri:0, instance:com.epam.testng.parameterizedtests.CosTest@4678c730]" name="setUp" is-config="true" duration-ms="0" started-at="2017-12-15T14:24:33Z" finished-at="2017-12-15T14:24:33Z">
          <reporter-output>
          </reporter-output>
        </test-method> <!-- setUp -->
        <test-method status="FAIL" signature="testAngles()[pri:0, instance:com.epam.testng.parameterizedtests.CosTest@724af044]" name="testAngles" duration-ms="0" started-at="2017-12-15T14:24:33Z" finished-at="2017-12-15T14:24:33Z">
          <exception class="java.lang.AssertionError">
            <message>
              <![CDATA[Invalid operation result expected [-0.1736481776669303] but found [-0.984807753012208]]]>
            </message>
            <full-stacktrace>
              <![CDATA[java.lang.AssertionError: Invalid operation result expected [-0.1736481776669303] but found [-0.984807753012208]at org.testng.Assert.fail(Assert.java:96)at org.testng.Assert.failNotEquals(Assert.java:776)at org.testng.Assert.assertEqualsImpl(Assert.java:137)at org.testng.Assert.assertEquals(Assert.java:118)at com.epam.testng.parameterizedtests.CosTest.testAngles(CosTest.java:22)at sun.reflect.NativeMethodAccessorImpl.invoke0(Native Method)at sun.reflect.NativeMethodAccessorImpl.invoke(NativeMethodAccessorImpl.java:62)at sun.reflect.DelegatingMethodAccessorImpl.invoke(DelegatingMethodAccessorImpl.java:43)at java.lang.reflect.Method.invoke(Method.java:498)at org.testng.internal.MethodInvocationHelper.invokeMethod(MethodInvocationHelper.java:124)at org.testng.internal.Invoker.invokeMethod(Invoker.java:571)at org.testng.internal.Invoker.invokeTestMethod(Invoker.java:707)at org.testng.internal.Invoker.invokeTestMethods(Invoker.java:979)at org.testng.internal.TestMethodWorker.invokeTestMethods(TestMethodWorker.java:125)at org.testng.internal.TestMethodWorker.run(TestMethodWorker.java:109)at java.util.concurrent.ThreadPoolExecutor.runWorker(ThreadPoolExecutor.java:1149)at java.util.concurrent.ThreadPoolExecutor$Worker.run(ThreadPoolExecutor.java:624)at java.lang.Thread.run(Thread.java:748)]]>
            </full-stacktrace>
          </exception> <!-- java.lang.AssertionError -->
          <reporter-output>
          </reporter-output>
        </test-method> <!-- testAngles -->
        <test-method status="PASS" signature="printOnFinish()[pri:0, instance:com.epam.testng.parameterizedtests.CosTest@4678c730]" name="printOnFinish" is-config="true" duration-ms="0" started-at="2017-12-15T14:24:33Z" finished-at="2017-12-15T14:24:33Z">
          <reporter-output>
          </reporter-output>
        </test-method> <!-- printOnFinish -->
        <test-method status="PASS" signature="setUp()[pri:0, instance:com.epam.testng.parameterizedtests.CosTest@4678c730]" name="setUp" is-config="true" duration-ms="0" started-at="2017-12-15T14:24:33Z" finished-at="2017-12-15T14:24:33Z">
          <reporter-output>
          </reporter-output>
        </test-method> <!-- setUp -->
        <test-method status="PASS" signature="printOnFinish()[pri:0, instance:com.epam.testng.parameterizedtests.CosTest@4678c730]" name="printOnFinish" is-config="true" duration-ms="0" started-at="2017-12-15T14:24:33Z" finished-at="2017-12-15T14:24:33Z">
          <reporter-output>
          </reporter-output>
        </test-method> <!-- printOnFinish -->
      </class> <!-- com.epam.testng.parameterizedtests.CosTest -->
    </test> <!-- CosinusTest -->
    <test name="SinusTest" duration-ms="4" started-at="2017-12-15T11:24:38Z" finished-at="2017-12-15T11:24:38Z">
      <class name="com.epam.testng.basictests.BasicSinTest">
        <test-method status="PASS" signature="setUp()[pri:0, instance:com.epam.testng.basictests.BasicSinTest@2b98378d]" name="setUp" is-config="true" duration-ms="0" started-at="2017-12-15T14:24:38Z" finished-at="2017-12-15T14:24:38Z">
          <reporter-output>
          </reporter-output>
        </test-method> <!-- setUp -->
        <test-method status="PASS" signature="testNegativeAngle()[pri:0, instance:com.epam.testng.basictests.BasicSinTest@2b98378d]" name="testNegativeAngle" duration-ms="0" started-at="2017-12-15T14:24:38Z" finished-at="2017-12-15T14:24:38Z">
          <reporter-output>
          </reporter-output>
        </test-method> <!-- testNegativeAngle -->
        <test-method status="PASS" signature="printOnFinish()[pri:0, instance:com.epam.testng.basictests.BasicSinTest@2b98378d]" name="printOnFinish" is-config="true" duration-ms="0" started-at="2017-12-15T14:24:38Z" finished-at="2017-12-15T14:24:38Z">
          <reporter-output>
          </reporter-output>
        </test-method> <!-- printOnFinish -->
      </class> <!-- com.epam.testng.basictests.BasicSinTest -->
      <class name="com.epam.testng.parameterizedtests.SinTest">
        <test-method status="PASS" signature="setUp()[pri:0, instance:com.epam.testng.parameterizedtests.SinTest@4b9e13df]" name="setUp" is-config="true" duration-ms="1" started-at="2017-12-15T14:24:38Z" finished-at="2017-12-15T14:24:38Z">
          <reporter-output>
          </reporter-output>
        </test-method> <!-- setUp -->
        <test-method status="PASS" signature="printOnFinish()[pri:0, instance:com.epam.testng.parameterizedtests.SinTest@4b9e13df]" name="printOnFinish" is-config="true" duration-ms="0" started-at="2017-12-15T14:24:38Z" finished-at="2017-12-15T14:24:38Z">
          <reporter-output>
          </reporter-output>
        </test-method> <!-- printOnFinish -->
        <test-method status="PASS" signature="testAngles()[pri:0, instance:com.epam.testng.parameterizedtests.SinTest@18be83e4]" name="testAngles" duration-ms="0" started-at="2017-12-15T14:24:38Z" finished-at="2017-12-15T14:24:38Z">
          <reporter-output>
          </reporter-output>
        </test-method> <!-- testAngles -->
        <test-method status="PASS" signature="setUp()[pri:0, instance:com.epam.testng.parameterizedtests.SinTest@4b9e13df]" name="setUp" is-config="true" duration-ms="0" started-at="2017-12-15T14:24:38Z" finished-at="2017-12-15T14:24:38Z">
          <reporter-output>
          </reporter-output>
        </test-method> <!-- setUp -->
[...]
        <test-method status="PASS" signature="setUp()[pri:0, instance:com.epam.testng.basictests.BasicCtgTest@61dc03ce]" name="setUp" is-config="true" duration-ms="0" started-at="2017-12-15T14:23:43Z" finished-at="2017-12-15T14:23:43Z">
          <reporter-output>
          </reporter-output>
        </test-method> <!-- setUp -->
        <test-method status="FAIL" signature="testFullRotationAnglePlusOne()[pri:0, instance:com.epam.testng.basictests.BasicCtgTest@61dc03ce]" name="testFullRotationAnglePlusOne" duration-ms="0" started-at="2017-12-15T14:23:43Z" finished-at="2017-12-15T14:23:43Z">
          <exception class="java.lang.AssertionError">
            <message>
              <![CDATA[Invalid operation result expected [57.289961630760885] but found [0.999993264600188]]]>
            </message>
            <full-stacktrace>
              <![CDATA[java.lang.AssertionError: Invalid operation result expected [57.289961630760885] but found [0.999993264600188]at org.testng.Assert.fail(Assert.java:96)at org.testng.Assert.failNotEquals(Assert.java:776)at org.testng.Assert.assertEqualsImpl(Assert.java:137)at org.testng.Assert.assertEquals(Assert.java:118)at com.epam.testng.basictests.BasicCtgTest.testFullRotationAnglePlusOne(BasicCtgTest.java:27)at sun.reflect.NativeMethodAccessorImpl.invoke0(Native Method)at sun.reflect.NativeMethodAccessorImpl.invoke(NativeMethodAccessorImpl.java:62)at sun.reflect.DelegatingMethodAccessorImpl.invoke(DelegatingMethodAccessorImpl.java:43)at java.lang.reflect.Method.invoke(Method.java:498)at org.testng.internal.MethodInvocationHelper.invokeMethod(MethodInvocationHelper.java:124)at org.testng.internal.Invoker.invokeMethod(Invoker.java:571)at org.testng.internal.Invoker.invokeTestMethod(Invoker.java:707)at org.testng.internal.Invoker.invokeTestMethods(Invoker.java:979)at org.testng.internal.TestMethodWorker.invokeTestMethods(TestMethodWorker.java:125)at org.testng.internal.TestMethodWorker.run(TestMethodWorker.java:109)at java.util.concurrent.ThreadPoolExecutor.runWorker(ThreadPoolExecutor.java:1149)at java.util.concurrent.ThreadPoolExecutor$Worker.run(ThreadPoolExecutor.java:624)at java.lang.Thread.run(Thread.java:748)]]>
            </full-stacktrace>
          </exception> <!-- java.lang.AssertionError -->
          <reporter-output>
          </reporter-output>
        </test-method> <!-- testFullRotationAnglePlusOne -->
        <test-method status="PASS" signature="printOnFinish()[pri:0, instance:com.epam.testng.basictests.BasicCtgTest@61dc03ce]" name="printOnFinish" is-config="true" duration-ms="0" started-at="2017-12-15T14:23:43Z" finished-at="2017-12-15T14:23:43Z">
          <reporter-output>
          </reporter-output>
        </test-method> <!-- printOnFinish -->
      </class> <!-- com.epam.testng.basictests.BasicCtgTest -->
    </test> <!-- CotangentTest -->
    <test name="TangentTest" duration-ms="3" started-at="2017-12-15T11:23:48Z" finished-at="2017-12-15T11:23:48Z">
      <class name="com.epam.testng.basictests.BasicTgTest">
        <test-method status="PASS" signature="setUp()[pri:0, instance:com.epam.testng.basictests.BasicTgTest@7f560810]" name="setUp" is-config="true" duration-ms="1" started-at="2017-12-15T14:23:48Z" finished-at="2017-12-15T14:23:48Z">
          <reporter-output>
          </reporter-output>
        </test-method> <!-- setUp -->
        <test-method status="FAIL" signature="testFullRotationAnglePlusOne()[pri:0, instance:com.epam.testng.basictests.BasicTgTest@7f560810]" name="testFullRotationAnglePlusOne" duration-ms="0" started-at="2017-12-15T14:23:48Z" finished-at="2017-12-15T14:23:48Z">
          <exception class="java.lang.AssertionError">
            <message>
              <![CDATA[Invalid operation result expected [0.017455064928217145] but found [1.0]]]>
            </message>
            <full-stacktrace>
              <![CDATA[java.lang.AssertionError: Invalid operation result expected [0.017455064928217145] but found [1.0]at org.testng.Assert.fail(Assert.java:96)at org.testng.Assert.failNotEquals(Assert.java:776)at org.testng.Assert.assertEqualsImpl(Assert.java:137)at org.testng.Assert.assertEquals(Assert.java:118)at com.epam.testng.basictests.BasicTgTest.testFullRotationAnglePlusOne(BasicTgTest.java:28)at sun.reflect.NativeMethodAccessorImpl.invoke0(Native Method)at sun.reflect.NativeMethodAccessorImpl.invoke(NativeMethodAccessorImpl.java:62)at sun.reflect.DelegatingMethodAccessorImpl.invoke(DelegatingMethodAccessorImpl.java:43)at java.lang.reflect.Method.invoke(Method.java:498)at org.testng.internal.MethodInvocationHelper.invokeMethod(MethodInvocationHelper.java:124)at org.testng.internal.Invoker.invokeMethod(Invoker.java:571)at org.testng.internal.Invoker.invokeTestMethod(Invoker.java:707)at org.testng.internal.Invoker.invokeTestMethods(Invoker.java:979)at org.testng.internal.TestMethodWorker.invokeTestMethods(TestMethodWorker.java:125)at org.testng.internal.TestMethodWorker.run(TestMethodWorker.java:109)at java.util.concurrent.ThreadPoolExecutor.runWorker(ThreadPoolExecutor.java:1149)at java.util.concurrent.ThreadPoolExecutor$Worker.run(ThreadPoolExecutor.java:624)at java.lang.Thread.run(Thread.java:748)]]>
            </full-stacktrace>
          </exception> <!-- java.lang.AssertionError -->
          <reporter-output>
          </reporter-output>
        </test-method> <!-- testFullRotationAnglePlusOne -->
        <test-method status="PASS" signature="printOnFinish()[pri:0, instance:com.epam.testng.basictests.BasicTgTest@7f560810]" name="printOnFinish" is-config="true" duration-ms="1" started-at="2017-12-15T14:23:48Z" finished-at="2017-12-15T14:23:48Z">
          <reporter-output>
          </reporter-output>
        </test-method> <!-- printOnFinish -->
      </class> <!-- com.epam.testng.basictests.BasicTgTest -->
    </test> <!-- TangentTest -->
    <test name="NegativesTest" duration-ms="6" started-at="2017-12-15T11:23:53Z" finished-at="2017-12-15T11:23:53Z">
      <class name="com.epam.testng.parameterizedtests.NegativeNumbersTest">
        <test-method status="PASS" signature="checkValuePositive()[pri:0, instance:com.epam.testng.parameterizedtests.NegativeNumbersTest@39fb3ab6]" name="checkValuePositive" duration-ms="0" started-at="2017-12-15T14:23:53Z" finished-at="2017-12-15T14:23:53Z">
          <reporter-output>
          </reporter-output>
        </test-method> <!-- checkValuePositive -->
        <test-method status="PASS" signature="setUp()[pri:0, instance:com.epam.testng.parameterizedtests.NegativeNumbersTest@3c09711b]" name="setUp" is-config="true" duration-ms="0" started-at="2017-12-15T14:23:53Z" finished-at="2017-12-15T14:23:53Z">
          <reporter-output>
          </reporter-output>
        </test-method> <!-- setUp -->
        <test-method status="PASS" signature="printOnFinish()[pri:0, instance:com.epam.testng.parameterizedtests.NegativeNumbersTest@3c09711b]" name="printOnFinish" is-config="true" duration-ms="0" started-at="2017-12-15T14:23:53Z" finished-at="2017-12-15T14:23:53Z">
          <reporter-output>
          </reporter-output>
        </test-method> <!-- printOnFinish -->
        <test-method status="PASS" signature="printOnFinish()[pri:0, instance:com.epam.testng.parameterizedtests.NegativeNumbersTest@3c09711b]" name="printOnFinish" is-config="true" duration-ms="0" started-at="2017-12-15T14:23:53Z" finished-at="2017-12-15T14:23:53Z">
          <reporter-output>
          </reporter-output>
        </test-method> <!-- printOnFinish -->
        <test-method status="PASS" signature="setUp()[pri:0, instance:com.epam.testng.parameterizedtests.NegativeNumbersTest@3c09711b]" name="setUp" is-config="true" duration-ms="0" started-at="2017-12-15T14:23:53Z" finished-at="2017-12-15T14:23:53Z">
          <reporter-output>
          </reporter-output>
        </test-method> <!-- setUp -->
        <test-method status="PASS" signature="checkValuePositive()[pri:0, instance:com.epam.testng.parameterizedtests.NegativeNumbersTest@3c09711b]" name="checkValuePositive" duration-ms="0" started-at="2017-12-15T14:23:53Z" finished-at="2017-12-15T14:23:53Z">
          <reporter-output>
          </reporter-output>
        </test-method> <!-- checkValuePositive -->
        <test-method status="PASS" signature="setUp()[pri:0, instance:com.epam.testng.parameterizedtests.NegativeNumbersTest@3c09711b]" name="setUp" is-config="true" duration-ms="0" started-at="2017-12-15T14:23:53Z" finished-at="2017-12-15T14:23:53Z">
          <reporter-output>
          </reporter-output>
        </test-method> <!-- setUp -->
        <test-method status="PASS" signature="checkValuePositive()[pri:0, instance:com.epam.testng.parameterizedtests.NegativeNumbersTest@61a485d2]" name="checkValuePositive" duration-ms="0" started-at="2017-12-15T14:23:53Z" finished-at="2017-12-15T14:23:53Z">
          <reporter-output>
          </reporter-output>
        </test-method> <!-- checkValuePositive -->
        <test-method status="PASS" signature="setUp()[pri:0, instance:com.epam.testng.parameterizedtests.NegativeNumbersTest@3c09711b]" name="setUp" is-config="true" duration-ms="0" started-at="2017-12-15T14:23:53Z" finished-at="2017-12-15T14:23:53Z">
          <reporter-output>
          </reporter-output>
        </test-method> <!-- setUp -->
        <test-method status="PASS" signature="printOnFinish()[pri:0, instance:com.epam.testng.parameterizedtests.NegativeNumbersTest@3c09711b]" name="printOnFinish" is-config="true" duration-ms="0" started-at="2017-12-15T14:23:53Z" finished-at="2017-12-15T14:23:53Z">
          <reporter-output>
          </reporter-output>
        </test-method> <!-- printOnFinish -->
        <test-method status="PASS" signature="checkValuePositive()[pri:0, instance:com.epam.testng.parameterizedtests.NegativeNumbersTest@6276ae34]" name="checkValuePositive" duration-ms="1" started-at="2017-12-15T14:23:53Z" finished-at="2017-12-15T14:23:53Z">
          <reporter-output>
          </reporter-output>
        </test-method> <!-- checkValuePositive -->
        <test-method status="PASS" signature="setUp()[pri:0, instance:com.epam.testng.parameterizedtests.NegativeNumbersTest@3c09711b]" name="setUp" is-config="true" duration-ms="0" started-at="2017-12-15T14:23:53Z" finished-at="2017-12-15T14:23:53Z">
          <reporter-output>
          </reporter-output>
        </test-method> <!-- setUp -->
        <test-method status="PASS" signature="printOnFinish()[pri:0, instance:com.epam.testng.parameterizedtests.NegativeNumbersTest@3c09711b]" name="printOnFinish" is-config="true" duration-ms="0" started-at="2017-12-15T14:23:53Z" finished-at="2017-12-15T14:23:53Z">
          <reporter-output>
          </reporter-output>
        </test-method> <!-- printOnFinish -->
        <test-method status="PASS" signature="checkValuePositive()[pri:0, instance:com.epam.testng.parameterizedtests.NegativeNumbersTest@7946e1f4]" name="checkValuePositive" duration-ms="1" started-at="2017-12-15T14:23:53Z" finished-at="2017-12-15T14:23:53Z">
          <reporter-output>
          </reporter-output>
        </test-method> <!-- checkValuePositive -->
        <test-method status="PASS" signature="printOnFinish()[pri:0, instance:com.epam.testng.parameterizedtests.NegativeNumbersTest@3c09711b]" name="printOnFinish" is-config="true" duration-ms="0" started-at="2017-12-15T14:23:53Z" finished-at="2017-12-15T14:23:53Z">
          <reporter-output>
          </reporter-output>
        </test-method> <!-- printOnFinish -->
      </class> <!-- com.epam.testng.parameterizedtests.NegativeNumbersTest -->
    </test> <!-- NegativesTest -->
    <test name="PositivesTest" duration-ms="7" started-at="2017-12-15T11:23:58Z" finished-at="2017-12-15T11:23:58Z">
      <class name="com.epam.testng.parameterizedtests.PositiveNumbersTest">
        <test-method status="PASS" signature="setUp()[pri:0, instance:com.epam.testng.parameterizedtests.PositiveNumbersTest@5afa04c]" name="setUp" is-config="true" duration-ms="0" started-at="2017-12-15T14:23:58Z" finished-at="2017-12-15T14:23:58Z">
          <reporter-output>
          </reporter-output>
        </test-method> <!-- setUp -->
        <test-method status="PASS" signature="setUp()[pri:0, instance:com.epam.testng.parameterizedtests.PositiveNumbersTest@5afa04c]" name="setUp" is-config="true" duration-ms="0" started-at="2017-12-15T14:23:58Z" finished-at="2017-12-15T14:23:58Z">
          <reporter-output>
          </reporter-output>
        </test-method> <!-- setUp -->
        <test-method status="PASS" signature="printOnFinish()[pri:0, instance:com.epam.testng.parameterizedtests.PositiveNumbersTest@5afa04c]" name="printOnFinish" is-config="true" duration-ms="0" started-at="2017-12-15T14:23:58Z" finished-at="2017-12-15T14:23:58Z">
          <reporter-output>
          </reporter-output>
        </test-method> <!-- printOnFinish -->
        <test-method status="PASS" signature="checkValuePositive()[pri:0, instance:com.epam.testng.parameterizedtests.PositiveNumbersTest@2344fc66]" name="checkValuePositive" duration-ms="0" started-at="2017-12-15T14:23:58Z" finished-at="2017-12-15T14:23:58Z">
          <reporter-output>
          </reporter-output>
        </test-method> <!-- checkValuePositive -->
        <test-method status="PASS" signature="printOnFinish()[pri:0, instance:com.epam.testng.parameterizedtests.PositiveNumbersTest@5afa04c]" name="printOnFinish" is-config="true" duration-ms="0" started-at="2017-12-15T14:23:58Z" finished-at="2017-12-15T14:23:58Z">
          <reporter-output>
          </reporter-output>
        </test-method> <!-- printOnFinish -->
        <test-method status="PASS" signature="checkValuePositive()[pri:0, instance:com.epam.testng.parameterizedtests.PositiveNumbersTest@2669b199]" name="checkValuePositive" duration-ms="0" started-at="2017-12-15T14:23:58Z" finished-at="2017-12-15T14:23:58Z">
          <reporter-output>
          </reporter-output>
        </test-method> <!-- checkValuePositive -->
        <test-method status="PASS" signature="checkValuePositive()[pri:0, instance:com.epam.testng.parameterizedtests.PositiveNumbersTest@458ad742]" name="checkValuePositive" duration-ms="0" started-at="2017-12-15T14:23:58Z" finished-at="2017-12-15T14:23:58Z">
          <reporter-output>
          </reporter-output>
        </test-method> <!-- checkValuePositive -->
        <test-method status="PASS" signature="setUp()[pri:0, instance:com.epam.testng.parameterizedtests.PositiveNumbersTest@5afa04c]" name="setUp" is-config="true" duration-ms="0" started-at="2017-12-15T14:23:58Z" finished-at="2017-12-15T14:23:58Z">
          <reporter-output>
          </reporter-output>
        </test-method> <!-- setUp -->
        <test-method status="PASS" signature="printOnFinish()[pri:0, instance:com.epam.testng.parameterizedtests.PositiveNumbersTest@5afa04c]" name="printOnFinish" is-config="true" duration-ms="0" started-at="2017-12-15T14:23:58Z" finished-at="2017-12-15T14:23:58Z">
          <reporter-output>
          </reporter-output>
        </test-method> <!-- printOnFinish -->
        <test-method status="PASS" signature="setUp()[pri:0, instance:com.epam.testng.parameterizedtests.PositiveNumbersTest@5afa04c]" name="setUp" is-config="true" duration-ms="0" started-at="2017-12-15T14:23:58Z" finished-at="2017-12-15T14:23:58Z">
          <reporter-output>
          </reporter-output>
        </test-method> <!-- setUp -->
        <test-method status="PASS" signature="printOnFinish()[pri:0, instance:com.epam.testng.parameterizedtests.PositiveNumbersTest@5afa04c]" name="printOnFinish" is-config="true" duration-ms="1" started-at="2017-12-15T14:23:58Z" finished-at="2017-12-15T14:23:58Z">
          <reporter-output>
          </reporter-output>
        </test-method> <!-- printOnFinish -->
        <test-method status="PASS" signature="checkValuePositive()[pri:0, instance:com.epam.testng.parameterizedtests.PositiveNumbersTest@5afa04c]" name="checkValuePositive" duration-ms="0" started-at="2017-12-15T14:23:58Z" finished-at="2017-12-15T14:23:58Z">
          <reporter-output>
          </reporter-output>
        </test-method> <!-- checkValuePositive -->
        <test-method status="PASS" signature="setUp()[pri:0, instance:com.epam.testng.parameterizedtests.PositiveNumbersTest@5afa04c]" name="setUp" is-config="true" duration-ms="0" started-at="2017-12-15T14:23:58Z" finished-at="2017-12-15T14:23:58Z">
          <reporter-output>
          </reporter-output>
        </test-method> <!-- setUp -->
        <test-method status="PASS" signature="checkValuePositive()[pri:0, instance:com.epam.testng.parameterizedtests.PositiveNumbersTest@6574b225]" name="checkValuePositive" duration-ms="0" started-at="2017-12-15T14:23:58Z" finished-at="2017-12-15T14:23:58Z">
          <reporter-output>
          </reporter-output>
        </test-method> <!-- checkValuePositive -->
        <test-method status="PASS" signature="printOnFinish()[pri:0, instance:com.epam.testng.parameterizedtests.PositiveNumbersTest@5afa04c]" name="printOnFinish" is-config="true" duration-ms="0" started-at="2017-12-15T14:23:58Z" finished-at="2017-12-15T14:23:58Z">
          <reporter-output>
          </reporter-output>
        </test-method> <!-- printOnFinish -->
      </class> <!-- com.epam.testng.parameterizedtests.PositiveNumbersTest -->
    </test> <!-- PositivesTest -->
    <test name="PowerTest" duration-ms="3" started-at="2017-12-15T11:24:03Z" finished-at="2017-12-15T11:24:03Z">
      <class name="com.epam.testng.basictests.BasicPowTest">
        <test-method status="PASS" signature="setUp()[pri:0, instance:com.epam.testng.basictests.BasicPowTest@48eff760]" name="setUp" is-config="true" duration-ms="1" started-at="2017-12-15T14:24:03Z" finished-at="2017-12-15T14:24:03Z">
          <reporter-output>
          </reporter-output>
        </test-method> <!-- setUp -->
        <test-method status="PASS" signature="testPowNegativeTwo()[pri:0, instance:com.epam.testng.basictests.BasicPowTest@48eff760]" name="testPowNegativeTwo" duration-ms="0" started-at="2017-12-15T14:24:03Z" finished-at="2017-12-15T14:24:03Z">
          <reporter-output>
          </reporter-output>
        </test-method> <!-- testPowNegativeTwo -->
        <test-method status="PASS" signature="printOnFinish()[pri:0, instance:com.epam.testng.basictests.BasicPowTest@48eff760]" name="printOnFinish" is-config="true" duration-ms="1" started-at="2017-12-15T14:24:03Z" finished-at="2017-12-15T14:24:03Z">
          <reporter-output>
          </reporter-output>
        </test-method> <!-- printOnFinish -->
      </class> <!-- com.epam.testng.basictests.BasicPowTest -->
    </test> <!-- PowerTest -->
    <test name="SquareRootTest" duration-ms="2" started-at="2017-12-15T11:24:08Z" finished-at="2017-12-15T11:24:08Z">
      <class name="com.epam.testng.basictests.BasicSqrtTest">
        <test-method status="PASS" signature="testZero()[pri:0, instance:com.epam.testng.basictests.BasicSqrtTest@5f375618]" name="testZero" duration-ms="0" started-at="2017-12-15T14:24:08Z" finished-at="2017-12-15T14:24:08Z">
          <reporter-output>
          </reporter-output>
        </test-method> <!-- testZero -->
        <test-method status="PASS" signature="setUp()[pri:0, instance:com.epam.testng.basictests.BasicSqrtTest@5f375618]" name="setUp" is-config="true" duration-ms="0" started-at="2017-12-15T14:24:08Z" finished-at="2017-12-15T14:24:08Z">
          <reporter-output>
          </reporter-output>
        </test-method> <!-- setUp -->
        <test-method status="PASS" signature="printOnFinish()[pri:0, instance:com.epam.testng.basictests.BasicSqrtTest@5f375618]" name="printOnFinish" is-config="true" duration-ms="0" started-at="2017-12-15T14:24:08Z" finished-at="2017-12-15T14:24:08Z">
          <reporter-output>
          </reporter-output>
        </test-method> <!-- printOnFinish -->
      </class> <!-- com.epam.testng.basictests.BasicSqrtTest -->
    </test> <!-- SquareRootTest -->
  </suite> <!-- CriticalPath -->
</testng-results>
