<?xml version="1.0" encoding="UTF-8"?>
<!-- Generated by org.testng.reporters.JUnitXMLReporter -->
<testsuite hostname="Tanyas-MacBook-Air.local" ignored="10" name="AdditionTest" tests="5" failures="1" timestamp="15 Dec 2017 11:12:09 GMT" time="0.004" errors="0">
  <testcase name="sumPositiveLongs" time="0.0" classname="com.epam.testng.parameterizedtests.SumLongsTest"/>
  <testcase name="sumPositiveLongs" time="0.0" classname="com.epam.testng.parameterizedtests.SumDoublesTest"/>
  <testcase name="sumPositiveLongs" time="0.001" classname="com.epam.testng.parameterizedtests.SumLongsTest">
    <failure type="org.testng.internal.reflect.MethodMatcherException" message="
Data provider mismatch
Method: sumPositiveLongs([Parameter{index=0, type=long, declaredAnnotations=[]}, Parameter{index=1, type=long, declaredAnnotations=[]}, Parameter{index=2, type=long, declaredAnnotations=[]}])
Arguments: [(java.lang.Long) 9223372036854775807,(java.lang.Long) 9223372036854775807,(java.lang.Double) 1.8446744E19]">
      <![CDATA[org.testng.internal.reflect.MethodMatcherException: Data provider mismatchMethod: sumPositiveLongs([Parameter{index=0, type=long, declaredAnnotations=[]}, Parameter{index=1, type=long, declaredAnnotations=[]}, Parameter{index=2, type=long, declaredAnnotations=[]}])Arguments: [(java.lang.Long) 9223372036854775807,(java.lang.Long) 9223372036854775807,(java.lang.Double) 1.8446744E19]at java.util.concurrent.ThreadPoolExecutor.runWorker(ThreadPoolExecutor.java:1149)at java.util.concurrent.ThreadPoolExecutor$Worker.run(ThreadPoolExecutor.java:624)at java.lang.Thread.run(Thread.java:748)... Removed 5 stack frames]]>
    </failure>
  </testcase> <!-- sumPositiveLongs -->
  <testcase name="sumPositiveLongs" time="0.0" classname="com.epam.testng.parameterizedtests.SumDoublesTest"/>
  <testcase name="sumPositiveLongs" time="0.0" classname="com.epam.testng.parameterizedtests.SumDoublesTest"/>
  <testcase name="sumNegativeLongs" time="0.0" classname="com.epam.testng.basictests.BasicSumLongsTest">
    <ignored/>
  </testcase> <!-- sumNegativeLongs -->
  <testcase name="sumPositiveLongs" time="0.0" classname="com.epam.testng.basictests.BasicSumDoublesTest">
    <ignored/>
  </testcase> <!-- sumPositiveLongs -->
  <testcase name="sumPositiveAndNegativeLongs" time="0.0" classname="com.epam.testng.basictests.BasicSumLongsTest">
    <ignored/>
  </testcase> <!-- sumPositiveAndNegativeLongs -->
  <testcase name="sumPositiveAndNegativeLongs" time="0.0" classname="com.epam.testng.parameterizedtests.SumDoublesTest">
    <ignored/>
  </testcase> <!-- sumPositiveAndNegativeLongs -->
  <testcase name="sumNegativeLongs" time="0.0" classname="com.epam.testng.basictests.BasicSumDoublesTest">
    <ignored/>
  </testcase> <!-- sumNegativeLongs -->
  <testcase name="sumPositiveAndNegativeLongs" time="0.0" classname="com.epam.testng.parameterizedtests.SumLongsTest">
    <ignored/>
  </testcase> <!-- sumPositiveAndNegativeLongs -->
  <testcase name="sumPositiveLongs" time="0.0" classname="com.epam.testng.basictests.BasicSumLongsTest">
    <ignored/>
  </testcase> <!-- sumPositiveLongs -->
  <testcase name="sumNegativeLongs" time="0.0" classname="com.epam.testng.parameterizedtests.SumDoublesTest">
    <ignored/>
  </testcase> <!-- sumNegativeLongs -->
  <testcase name="sumPositiveAndNegativeLongs" time="0.0" classname="com.epam.testng.basictests.BasicSumDoublesTest">
    <ignored/>
  </testcase> <!-- sumPositiveAndNegativeLongs -->
  <testcase name="sumNegativeLongs" time="0.0" classname="com.epam.testng.parameterizedtests.SumLongsTest">
    <ignored/>
  </testcase> <!-- sumNegativeLongs -->
</testsuite> <!-- AdditionTest -->
