<?xml version="1.0" encoding="UTF-8"?>
<!-- Generated by org.testng.reporters.JUnitXMLReporter -->
<testsuite hostname="Tanyas-MacBook-Air.local" ignored="12" name="DivisionTest" tests="2" failures="0" timestamp="15 Dec 2017 11:12:24 GMT" time="0.004" errors="0">
  <testcase name="divideNegativeValues" time="0.0" classname="com.epam.testng.basictests.BasicDivDoublesTest"/>
  <testcase name="divideNegativeValues" time="0.0" classname="com.epam.testng.basictests.BasicDivLongsTest"/>
  <testcase name="dividePositiveValues" time="0.0" classname="com.epam.testng.basictests.BasicDivLongsTest">
    <ignored/>
  </testcase> <!-- dividePositiveValues -->
  <testcase name="testLongDiv" time="0.0" classname="com.epam.testng.parameterizedtests.DivLongsTest">
    <ignored/>
  </testcase> <!-- testLongDiv -->
  <testcase name="testLongDiv" time="0.0" classname="com.epam.testng.parameterizedtests.DivLongsTest">
    <ignored/>
  </testcase> <!-- testLongDiv -->
  <testcase name="testLongDiv" time="0.0" classname="com.epam.testng.parameterizedtests.DivLongsTest">
    <ignored/>
  </testcase> <!-- testLongDiv -->
  <testcase name="dividePositiveValues" time="0.0" classname="com.epam.testng.basictests.BasicDivDoublesTest">
    <ignored/>
  </testcase> <!-- dividePositiveValues -->
  <testcase name="divideByZero" time="0.0" classname="com.epam.testng.basictests.BasicDivDoublesTest">
    <ignored/>
  </testcase> <!-- divideByZero -->
  <testcase name="divideNegativeAndPositiveValues" time="0.0" classname="com.epam.testng.basictests.BasicDivLongsTest">
    <ignored/>
  </testcase> <!-- divideNegativeAndPositiveValues -->
  <testcase name="checkDivisionByZeroThrowsException" time="0.0" classname="com.epam.testng.basictests.BasicDivLongsTest">
    <ignored/>
  </testcase> <!-- checkDivisionByZeroThrowsException -->
  <testcase name="divideNegativeAndPositiveValues" time="0.0" classname="com.epam.testng.basictests.BasicDivDoublesTest">
    <ignored/>
  </testcase> <!-- divideNegativeAndPositiveValues -->
  <testcase name="testLongDiv" time="0.0" classname="com.epam.testng.parameterizedtests.DivDoublesTest">
    <ignored/>
  </testcase> <!-- testLongDiv -->
  <testcase name="testLongDiv" time="0.0" classname="com.epam.testng.parameterizedtests.DivDoublesTest">
    <ignored/>
  </testcase> <!-- testLongDiv -->
  <testcase name="testLongDiv" time="0.0" classname="com.epam.testng.parameterizedtests.DivDoublesTest">
    <ignored/>
  </testcase> <!-- testLongDiv -->
</testsuite> <!-- DivisionTest -->
