<?xml version="1.0" encoding="UTF-8"?>
<!-- Generated by org.testng.reporters.JUnitXMLReporter -->
<testsuite hostname="Tanyas-MacBook-Air.local" ignored="3" name="NegativesTest" tests="5" failures="0" timestamp="15 Dec 2017 11:12:49 GMT" time="0.006" errors="0">
  <testcase name="checkValuePositive" time="0.0" classname="com.epam.testng.parameterizedtests.NegativeNumbersTest"/>
  <testcase name="checkValuePositive" time="0.0" classname="com.epam.testng.parameterizedtests.NegativeNumbersTest"/>
  <testcase name="checkValuePositive" time="0.0" classname="com.epam.testng.parameterizedtests.NegativeNumbersTest"/>
  <testcase name="checkValuePositive" time="0.0" classname="com.epam.testng.parameterizedtests.NegativeNumbersTest"/>
  <testcase name="checkValuePositive" time="0.0" classname="com.epam.testng.parameterizedtests.NegativeNumbersTest"/>
  <testcase name="checkZero" time="0.0" classname="com.epam.testng.basictests.BasicNegativeNumbersTest">
    <ignored/>
  </testcase> <!-- checkZero -->
  <testcase name="checkValuePositive" time="0.0" classname="com.epam.testng.basictests.BasicNegativeNumbersTest">
    <ignored/>
  </testcase> <!-- checkValuePositive -->
  <testcase name="checkValueNegative" time="0.0" classname="com.epam.testng.basictests.BasicNegativeNumbersTest">
    <ignored/>
  </testcase> <!-- checkValueNegative -->
</testsuite> <!-- NegativesTest -->
