<?xml version="1.0" encoding="UTF-8"?>
<!-- Generated by org.testng.reporters.JUnitXMLReporter -->
<testsuite hostname="Tanyas-MacBook-Air.local" ignored="6" name="DivisionTest" tests="8" failures="0" timestamp="15 Dec 2017 11:24:33 GMT" time="0.007" errors="0">
  <testcase name="testLongDiv" time="0.0" classname="com.epam.testng.parameterizedtests.DivDoublesTest"/>
  <testcase name="divideNegativeAndPositiveValues" time="0.0" classname="com.epam.testng.basictests.BasicDivDoublesTest"/>
  <testcase name="divideNegativeAndPositiveValues" time="0.001" classname="com.epam.testng.basictests.BasicDivLongsTest"/>
  <testcase name="testLongDiv" time="0.0" classname="com.epam.testng.parameterizedtests.DivLongsTest"/>
  <testcase name="testLongDiv" time="0.0" classname="com.epam.testng.parameterizedtests.DivDoublesTest"/>
  <testcase name="testLongDiv" time="0.0" classname="com.epam.testng.parameterizedtests.DivLongsTest"/>
  <testcase name="testLongDiv" time="0.001" classname="com.epam.testng.parameterizedtests.DivDoublesTest"/>
  <testcase name="testLongDiv" time="0.0" classname="com.epam.testng.parameterizedtests.DivLongsTest"/>
  <testcase name="dividePositiveValues" time="0.0" classname="com.epam.testng.basictests.BasicDivLongsTest">
    <ignored/>
  </testcase> <!-- dividePositiveValues -->
  <testcase name="divideNegativeValues" time="0.0" classname="com.epam.testng.basictests.BasicDivLongsTest">
    <ignored/>
  </testcase> <!-- divideNegativeValues -->
  <testcase name="dividePositiveValues" time="0.0" classname="com.epam.testng.basictests.BasicDivDoublesTest">
    <ignored/>
  </testcase> <!-- dividePositiveValues -->
  <testcase name="divideByZero" time="0.0" classname="com.epam.testng.basictests.BasicDivDoublesTest">
    <ignored/>
  </testcase> <!-- divideByZero -->
  <testcase name="checkDivisionByZeroThrowsException" time="0.0" classname="com.epam.testng.basictests.BasicDivLongsTest">
    <ignored/>
  </testcase> <!-- checkDivisionByZeroThrowsException -->
  <testcase name="divideNegativeValues" time="0.0" classname="com.epam.testng.basictests.BasicDivDoublesTest">
    <ignored/>
  </testcase> <!-- divideNegativeValues -->
</testsuite> <!-- DivisionTest -->
