<?xml version="1.0" encoding="UTF-8"?>
<!-- Generated by org.testng.reporters.JUnitXMLReporter -->
<testsuite hostname="Tanyas-MacBook-Air.local" ignored="8" tests="0" failures="0" timestamp="15 Dec 2017 16:07:46 GMT" time="0.001" errors="0">
  <testcase name="checkZero" time="0.0" classname="com.epam.testng.basictests.BasicNegativeNumbersTest">
    <ignored/>
  </testcase> <!-- checkZero -->
  <testcase name="checkValuePositive" time="0.0" classname="com.epam.testng.basictests.BasicNegativeNumbersTest">
    <ignored/>
  </testcase> <!-- checkValuePositive -->
  <testcase name="checkValueNegative" time="0.0" classname="com.epam.testng.basictests.BasicNegativeNumbersTest">
    <ignored/>
  </testcase> <!-- checkValueNegative -->
  <testcase name="checkValueNegative" time="0.0" classname="com.epam.testng.parameterizedtests.NegativeNumbersTest">
    <ignored/>
  </testcase> <!-- checkValueNegative -->
  <testcase name="checkValueNegative" time="0.0" classname="com.epam.testng.parameterizedtests.NegativeNumbersTest">
    <ignored/>
  </testcase> <!-- checkValueNegative -->
  <testcase name="checkValueNegative" time="0.0" classname="com.epam.testng.parameterizedtests.NegativeNumbersTest">
    <ignored/>
  </testcase> <!-- checkValueNegative -->
  <testcase name="checkValueNegative" time="0.0" classname="com.epam.testng.parameterizedtests.NegativeNumbersTest">
    <ignored/>
  </testcase> <!-- checkValueNegative -->
  <testcase name="checkValueNegative" time="0.0" classname="com.epam.testng.parameterizedtests.NegativeNumbersTest">
    <ignored/>
  </testcase> <!-- checkValueNegative -->
</testsuite>
