<?xml version="1.0" encoding="UTF-8"?>
<!-- Generated by org.testng.reporters.JUnitXMLReporter -->
<testsuite hostname="Tanyas-MacBook-Air.local" ignored="3" name="SinusTest" tests="4" failures="0" timestamp="15 Dec 2017 11:24:43 GMT" time="0.004" errors="0">
  <testcase name="testNegativeAngle" time="0.0" classname="com.epam.testng.basictests.BasicSinTest"/>
  <testcase name="testAngles" time="0.0" classname="com.epam.testng.parameterizedtests.SinTest"/>
  <testcase name="testAngles" time="0.0" classname="com.epam.testng.parameterizedtests.SinTest"/>
  <testcase name="testAngles" time="0.0" classname="com.epam.testng.parameterizedtests.SinTest"/>
  <testcase name="testAnotherAngle" time="0.0" classname="com.epam.testng.basictests.BasicSinTest">
    <ignored/>
  </testcase> <!-- testAnotherAngle -->
  <testcase name="testZeroAngle" time="0.0" classname="com.epam.testng.basictests.BasicSinTest">
    <ignored/>
  </testcase> <!-- testZeroAngle -->
  <testcase name="testFullRotationAngle" time="0.0" classname="com.epam.testng.basictests.BasicSinTest">
    <ignored/>
  </testcase> <!-- testFullRotationAngle -->
</testsuite> <!-- SinusTest -->
