<?xml version="1.0" encoding="UTF-8"?>
<!-- Generated by org.testng.reporters.JUnitXMLReporter -->
<testsuite hostname="Tanyas-MacBook-Air.local" ignored="10" name="SubtractionTest" tests="6" failures="0" timestamp="15 Dec 2017 16:07:10 GMT" time="0.033" errors="0">
  <testcase name="subPositiveAndNegativeLongs" time="0.002" classname="com.epam.testng.parameterizedtests.SubLongsTest"/>
  <testcase name="subPositiveAndNegativeLongs" time="0.002" classname="com.epam.testng.parameterizedtests.SubDoublesTest"/>
  <testcase name="subPositiveAndNegativeLongs" time="0.002" classname="com.epam.testng.parameterizedtests.SubLongsTest"/>
  <testcase name="subPositiveAndNegativeLongs" time="0.002" classname="com.epam.testng.parameterizedtests.SubDoublesTest"/>
  <testcase name="subPositiveAndNegativeLongs" time="0.002" classname="com.epam.testng.parameterizedtests.SubLongsTest"/>
  <testcase name="subPositiveAndNegativeLongs" time="0.003" classname="com.epam.testng.parameterizedtests.SubDoublesTest"/>
  <testcase name="subPositiveLongs" time="0.0" classname="com.epam.testng.parameterizedtests.SubLongsTest">
    <ignored/>
  </testcase> <!-- subPositiveLongs -->
  <testcase name="subNegativeLongs" time="0.0" classname="com.epam.testng.basictests.BasicSubLongsTest">
    <ignored/>
  </testcase> <!-- subNegativeLongs -->
  <testcase name="subNegativeLongs" time="0.0" classname="com.epam.testng.parameterizedtests.SubLongsTest">
    <ignored/>
  </testcase> <!-- subNegativeLongs -->
  <testcase name="subPositiveAndNegativeLongs" time="0.0" classname="com.epam.testng.basictests.BasicSubDoublesTest">
    <ignored/>
  </testcase> <!-- subPositiveAndNegativeLongs -->
  <testcase name="subPositiveLongs" time="0.0" classname="com.epam.testng.basictests.BasicSubDoublesTest">
    <ignored/>
  </testcase> <!-- subPositiveLongs -->
  <testcase name="subPositiveLongs" time="0.0" classname="com.epam.testng.basictests.BasicSubLongsTest">
    <ignored/>
  </testcase> <!-- subPositiveLongs -->
  <testcase name="subPositiveAndNegativeLongs" time="0.0" classname="com.epam.testng.basictests.BasicSubLongsTest">
    <ignored/>
  </testcase> <!-- subPositiveAndNegativeLongs -->
  <testcase name="subNegativeLongs" time="0.0" classname="com.epam.testng.basictests.BasicSubDoublesTest">
    <ignored/>
  </testcase> <!-- subNegativeLongs -->
  <testcase name="suNegativeLongs" time="0.0" classname="com.epam.testng.parameterizedtests.SubDoublesTest">
    <ignored/>
  </testcase> <!-- suNegativeLongs -->
  <testcase name="subPositiveLongs" time="0.0" classname="com.epam.testng.parameterizedtests.SubDoublesTest">
    <ignored/>
  </testcase> <!-- subPositiveLongs -->
</testsuite> <!-- SubtractionTest -->
