<?xml version="1.0" encoding="UTF-8"?>
<!-- Generated by org.testng.reporters.JUnitXMLReporter -->
<testsuite hostname="Tanyas-MacBook-Air.local" ignored="0" name="Default test" tests="9" failures="1" timestamp="15 Dec 2017 20:01:52 GMT" time="0.109" errors="0">
  <testcase name="sumNegativeLongs" time="0.008" classname="com.epam.testng.parameterizedtests.SumLongsTest"/>
  <testcase name="sumNegativeLongs" time="0.002" classname="com.epam.testng.parameterizedtests.SumLongsTest"/>
  <testcase name="sumNegativeLongs" time="0.003" classname="com.epam.testng.parameterizedtests.SumLongsTest"/>
  <testcase name="sumPositiveAndNegativeLongs" time="0.001" classname="com.epam.testng.parameterizedtests.SumLongsTest"/>
  <testcase name="sumPositiveAndNegativeLongs" time="0.002" classname="com.epam.testng.parameterizedtests.SumLongsTest"/>
  <testcase name="sumPositiveAndNegativeLongs" time="0.002" classname="com.epam.testng.parameterizedtests.SumLongsTest"/>
  <testcase name="sumPositiveLongs" time="0.001" classname="com.epam.testng.parameterizedtests.SumLongsTest"/>
  <testcase name="sumPositiveLongs" time="0.002" classname="com.epam.testng.parameterizedtests.SumLongsTest">
    <failure type="java.lang.AssertionError" message="Invalid operation result expected [9223372036854775807] but found [-2]">
      <![CDATA[java.lang.AssertionError: Invalid operation result expected [9223372036854775807] but found [-2]at org.testng.Assert.fail(Assert.java:96)at org.testng.Assert.failNotEquals(Assert.java:776)at org.testng.Assert.assertEqualsImpl(Assert.java:137)at org.testng.Assert.assertEquals(Assert.java:118)at org.testng.Assert.assertEquals(Assert.java:547)at com.epam.testng.parameterizedtests.SumLongsTest.sumPositiveLongs(SumLongsTest.java:20)at sun.reflect.NativeMethodAccessorImpl.invoke0(Native Method)at sun.reflect.NativeMethodAccessorImpl.invoke(NativeMethodAccessorImpl.java:62)at sun.reflect.DelegatingMethodAccessorImpl.invoke(DelegatingMethodAccessorImpl.java:43)at java.lang.reflect.Method.invoke(Method.java:498)at org.testng.internal.MethodInvocationHelper.invokeMethod(MethodInvocationHelper.java:124)at org.testng.internal.Invoker.invokeMethod(Invoker.java:571)at org.testng.internal.Invoker.invokeTestMethod(Invoker.java:707)at org.testng.internal.Invoker.invokeTestMethods(Invoker.java:979)at org.testng.internal.TestMethodWorker.invokeTestMethods(TestMethodWorker.java:125)at org.testng.internal.TestMethodWorker.run(TestMethodWorker.java:109)at org.testng.TestRunner.privateRun(TestRunner.java:648)at org.testng.TestRunner.run(TestRunner.java:505)at org.testng.SuiteRunner.runTest(SuiteRunner.java:455)at org.testng.SuiteRunner.runSequentially(SuiteRunner.java:450)at org.testng.SuiteRunner.privateRun(SuiteRunner.java:415)at org.testng.SuiteRunner.run(SuiteRunner.java:364)at org.testng.SuiteRunnerWorker.runSuite(SuiteRunnerWorker.java:52)at org.testng.SuiteRunnerWorker.run(SuiteRunnerWorker.java:84)at org.testng.TestNG.runSuitesSequentially(TestNG.java:1187)at org.testng.TestNG.runSuitesLocally(TestNG.java:1116)at org.testng.TestNG.runSuites(TestNG.java:1028)at org.testng.TestNG.run(TestNG.java:996)at org.testng.remote.AbstractRemoteTestNG.run(AbstractRemoteTestNG.java:114)at org.testng.remote.RemoteTestNG.initAndRun(RemoteTestNG.java:251)at org.testng.remote.RemoteTestNG.main(RemoteTestNG.java:77)]]>
    </failure>
  </testcase> <!-- sumPositiveLongs -->
  <testcase name="sumPositiveLongs" time="0.001" classname="com.epam.testng.parameterizedtests.SumLongsTest"/>
</testsuite> <!-- Default test -->
