<?xml version="1.0" encoding="UTF-8"?>
<!-- Generated by org.testng.reporters.JUnitXMLReporter -->
<testsuite hostname="Tanyas-MacBook-Air.local" ignored="4" name="AdditionTest" tests="12" failures="0" timestamp="15 Dec 2017 11:22:17 GMT" time="0.043" errors="0">
  <testcase name="sumNegativeLongs" time="0.002" classname="com.epam.testng.parameterizedtests.SumDoublesTest"/>
  <testcase name="sumNegativeLongs" time="0.002" classname="com.epam.testng.basictests.BasicSumDoublesTest"/>
  <testcase name="sumNegativeLongs" time="0.003" classname="com.epam.testng.basictests.BasicSumLongsTest"/>
  <testcase name="sumNegativeLongs" time="0.0" classname="com.epam.testng.parameterizedtests.SumDoublesTest"/>
  <testcase name="sumNegativeLongs" time="0.003" classname="com.epam.testng.parameterizedtests.SumLongsTest"/>
  <testcase name="sumPositiveAndNegativeLongs" time="0.0" classname="com.epam.testng.basictests.BasicSumLongsTest"/>
  <testcase name="sumNegativeLongs" time="0.0" classname="com.epam.testng.parameterizedtests.SumLongsTest"/>
  <testcase name="sumNegativeLongs" time="0.001" classname="com.epam.testng.parameterizedtests.SumDoublesTest"/>
  <testcase name="sumNegativeLongs" time="0.001" classname="com.epam.testng.parameterizedtests.SumLongsTest"/>
  <testcase name="sumPositiveLongs" time="0.001" classname="com.epam.testng.basictests.BasicSumLongsTest"/>
  <testcase name="sumPositiveAndNegativeLongs" time="0.001" classname="com.epam.testng.basictests.BasicSumDoublesTest"/>
  <testcase name="sumPositiveLongs" time="0.0" classname="com.epam.testng.basictests.BasicSumDoublesTest"/>
  <testcase name="sumPositiveLongs" time="0.0" classname="com.epam.testng.parameterizedtests.SumLongsTest">
    <ignored/>
  </testcase> <!-- sumPositiveLongs -->
  <testcase name="sumPositiveLongs" time="0.0" classname="com.epam.testng.parameterizedtests.SumDoublesTest">
    <ignored/>
  </testcase> <!-- sumPositiveLongs -->
  <testcase name="sumPositiveAndNegativeLongs" time="0.0" classname="com.epam.testng.parameterizedtests.SumDoublesTest">
    <ignored/>
  </testcase> <!-- sumPositiveAndNegativeLongs -->
  <testcase name="sumPositiveAndNegativeLongs" time="0.0" classname="com.epam.testng.parameterizedtests.SumLongsTest">
    <ignored/>
  </testcase> <!-- sumPositiveAndNegativeLongs -->
</testsuite> <!-- AdditionTest -->
