<?xml version="1.0" encoding="UTF-8"?>
<!-- Generated by org.testng.reporters.JUnitXMLReporter -->
<testsuite hostname="Tanyas-MacBook-Air.local" ignored="10" name="DivisionTest" tests="4" failures="2" timestamp="15 Dec 2017 16:02:30 GMT" time="0.041" errors="0">
  <testcase name="divideByZero" time="0.003" classname="com.epam.testng.basictests.BasicDivDoublesTest">
    <failure type="java.lang.AssertionError" message="expected [true] but found [false]">
      <![CDATA[java.lang.AssertionError: expected [true] but found [false]at com.epam.testng.basictests.BasicDivDoublesTest.divideByZero(BasicDivDoublesTest.java:31)... Removed 29 stack frames]]>
    </failure>
  </testcase> <!-- divideByZero -->
  <testcase name="dividePositiveValues" time="0.002" classname="com.epam.testng.basictests.BasicDivDoublesTest"/>
  <testcase name="checkDivisionByZeroThrowsException" time="0.001" classname="com.epam.testng.basictests.BasicDivLongsTest"/>
  <testcase name="dividePositiveValues" time="0.001" classname="com.epam.testng.basictests.BasicDivLongsTest">
    <failure type="java.lang.AssertionError" message="Invalid result of operation expected [2.666666666666667] but found [2]">
      <![CDATA[java.lang.AssertionError: Invalid result of operation expected [2.666666666666667] but found [2]at com.epam.testng.basictests.BasicDivLongsTest.dividePositiveValues(BasicDivLongsTest.java:14)... Removed 29 stack frames]]>
    </failure>
  </testcase> <!-- dividePositiveValues -->
  <testcase name="testLongDiv" time="0.0" classname="com.epam.testng.parameterizedtests.DivLongsTest">
    <ignored/>
  </testcase> <!-- testLongDiv -->
  <testcase name="testLongDiv" time="0.0" classname="com.epam.testng.parameterizedtests.DivLongsTest">
    <ignored/>
  </testcase> <!-- testLongDiv -->
  <testcase name="testLongDiv" time="0.0" classname="com.epam.testng.parameterizedtests.DivLongsTest">
    <ignored/>
  </testcase> <!-- testLongDiv -->
  <testcase name="divideNegativeValues" time="0.0" classname="com.epam.testng.basictests.BasicDivLongsTest">
    <ignored/>
  </testcase> <!-- divideNegativeValues -->
  <testcase name="divideNegativeAndPositiveValues" time="0.0" classname="com.epam.testng.basictests.BasicDivLongsTest">
    <ignored/>
  </testcase> <!-- divideNegativeAndPositiveValues -->
  <testcase name="divideNegativeAndPositiveValues" time="0.0" classname="com.epam.testng.basictests.BasicDivDoublesTest">
    <ignored/>
  </testcase> <!-- divideNegativeAndPositiveValues -->
  <testcase name="divideNegativeValues" time="0.0" classname="com.epam.testng.basictests.BasicDivDoublesTest">
    <ignored/>
  </testcase> <!-- divideNegativeValues -->
  <testcase name="testLongDiv" time="0.0" classname="com.epam.testng.parameterizedtests.DivDoublesTest">
    <ignored/>
  </testcase> <!-- testLongDiv -->
  <testcase name="testLongDiv" time="0.0" classname="com.epam.testng.parameterizedtests.DivDoublesTest">
    <ignored/>
  </testcase> <!-- testLongDiv -->
  <testcase name="testLongDiv" time="0.0" classname="com.epam.testng.parameterizedtests.DivDoublesTest">
    <ignored/>
  </testcase> <!-- testLongDiv -->
</testsuite> <!-- DivisionTest -->
