<?xml version="1.0" encoding="UTF-8"?>
<!-- Generated by org.testng.reporters.JUnitXMLReporter -->
<testsuite hostname="Tanyas-MacBook-Air.local" ignored="10" name="MultiplicationTest" tests="2" failures="0" timestamp="15 Dec 2017 16:02:25 GMT" time="0.02" errors="0">
  <testcase name="multPositiveDoubles" time="0.015" classname="com.epam.testng.basictests.BasicMultDoublesTest"/>
  <testcase name="multPositiveLongs" time="0.001" classname="com.epam.testng.basictests.BasicMultLongsTest"/>
  <testcase name="multNegativeaAndPositiveLongs" time="0.0" classname="com.epam.testng.basictests.BasicMultDoublesTest">
    <ignored/>
  </testcase> <!-- multNegativeaAndPositiveLongs -->
  <testcase name="multNegativeLongs" time="0.0" classname="com.epam.testng.basictests.BasicMultDoublesTest">
    <ignored/>
  </testcase> <!-- multNegativeLongs -->
  <testcase name="multNegativeaAndPositiveLongs" time="0.0" classname="com.epam.testng.basictests.BasicMultLongsTest">
    <ignored/>
  </testcase> <!-- multNegativeaAndPositiveLongs -->
  <testcase name="testDoublesMult" time="0.0" classname="com.epam.testng.parameterizedtests.MultDoublesTest">
    <ignored/>
  </testcase> <!-- testDoublesMult -->
  <testcase name="testDoublesMult" time="0.0" classname="com.epam.testng.parameterizedtests.MultDoublesTest">
    <ignored/>
  </testcase> <!-- testDoublesMult -->
  <testcase name="testDoublesMult" time="0.0" classname="com.epam.testng.parameterizedtests.MultDoublesTest">
    <ignored/>
  </testcase> <!-- testDoublesMult -->
  <testcase name="testLongMult" time="0.0" classname="com.epam.testng.parameterizedtests.MultLongsTest">
    <ignored/>
  </testcase> <!-- testLongMult -->
  <testcase name="testLongMult" time="0.0" classname="com.epam.testng.parameterizedtests.MultLongsTest">
    <ignored/>
  </testcase> <!-- testLongMult -->
  <testcase name="testLongMult" time="0.0" classname="com.epam.testng.parameterizedtests.MultLongsTest">
    <ignored/>
  </testcase> <!-- testLongMult -->
  <testcase name="multNegativeLongs" time="0.0" classname="com.epam.testng.basictests.BasicMultLongsTest">
    <ignored/>
  </testcase> <!-- multNegativeLongs -->
</testsuite> <!-- MultiplicationTest -->
