<?xml version="1.0" encoding="UTF-8"?>
<!-- Generated by org.testng.reporters.JUnitXMLReporter -->
<testsuite hostname="Tanyas-MacBook-Air.local" ignored="5" name="NegativesTest" tests="3" failures="0" timestamp="15 Dec 2017 11:22:58 GMT" time="0.004" errors="0">
  <testcase name="checkValueNegative" time="0.0" classname="com.epam.testng.basictests.BasicNegativeNumbersTest"/>
  <testcase name="checkValuePositive" time="0.0" classname="com.epam.testng.basictests.BasicNegativeNumbersTest"/>
  <testcase name="checkZero" time="0.0" classname="com.epam.testng.basictests.BasicNegativeNumbersTest"/>
  <testcase name="checkValuePositive" time="0.0" classname="com.epam.testng.parameterizedtests.NegativeNumbersTest">
    <ignored/>
  </testcase> <!-- checkValuePositive -->
  <testcase name="checkValuePositive" time="0.0" classname="com.epam.testng.parameterizedtests.NegativeNumbersTest">
    <ignored/>
  </testcase> <!-- checkValuePositive -->
  <testcase name="checkValuePositive" time="0.0" classname="com.epam.testng.parameterizedtests.NegativeNumbersTest">
    <ignored/>
  </testcase> <!-- checkValuePositive -->
  <testcase name="checkValuePositive" time="0.0" classname="com.epam.testng.parameterizedtests.NegativeNumbersTest">
    <ignored/>
  </testcase> <!-- checkValuePositive -->
  <testcase name="checkValuePositive" time="0.0" classname="com.epam.testng.parameterizedtests.NegativeNumbersTest">
    <ignored/>
  </testcase> <!-- checkValuePositive -->
</testsuite> <!-- NegativesTest -->
