<?xml version="1.0" encoding="UTF-8"?>
<!-- Generated by org.testng.reporters.JUnitXMLReporter -->
<testsuite hostname="Tanyas-MacBook-Air.local" ignored="5" name="PositivesTest" tests="3" failures="0" timestamp="15 Dec 2017 16:03:00 GMT" time="0.01" errors="0">
  <testcase name="checkValueNegative" time="0.001" classname="com.epam.testng.basictests.BasicPositiveNumbersTest"/>
  <testcase name="checkValuePositive" time="0.002" classname="com.epam.testng.basictests.BasicPositiveNumbersTest"/>
  <testcase name="checkZero" time="0.001" classname="com.epam.testng.basictests.BasicPositiveNumbersTest"/>
  <testcase name="checkValuePositive" time="0.0" classname="com.epam.testng.parameterizedtests.PositiveNumbersTest">
    <ignored/>
  </testcase> <!-- checkValuePositive -->
  <testcase name="checkValuePositive" time="0.0" classname="com.epam.testng.parameterizedtests.PositiveNumbersTest">
    <ignored/>
  </testcase> <!-- checkValuePositive -->
  <testcase name="checkValuePositive" time="0.0" classname="com.epam.testng.parameterizedtests.PositiveNumbersTest">
    <ignored/>
  </testcase> <!-- checkValuePositive -->
  <testcase name="checkValuePositive" time="0.0" classname="com.epam.testng.parameterizedtests.PositiveNumbersTest">
    <ignored/>
  </testcase> <!-- checkValuePositive -->
  <testcase name="checkValuePositive" time="0.0" classname="com.epam.testng.parameterizedtests.PositiveNumbersTest">
    <ignored/>
  </testcase> <!-- checkValuePositive -->
</testsuite> <!-- PositivesTest -->
