<?xml version="1.0" encoding="UTF-8"?>
<!-- Generated by org.testng.reporters.JUnitXMLReporter -->
<testsuite hostname="Tanyas-MacBook-Air.local" ignored="7" name="PowerTest" tests="2" failures="0" timestamp="15 Dec 2017 16:03:05 GMT" time="0.007" errors="0">
  <testcase name="testPowOne" time="0.001" classname="com.epam.testng.basictests.BasicPowTest"/>
  <testcase name="testPowTwo" time="0.001" classname="com.epam.testng.basictests.BasicPowTest"/>
  <testcase name="testPowNegativeTwo" time="0.0" classname="com.epam.testng.basictests.BasicPowTest">
    <ignored/>
  </testcase> <!-- testPowNegativeTwo -->
  <testcase name="testPowTwoOfRation" time="0.0" classname="com.epam.testng.basictests.BasicPowTest">
    <ignored/>
  </testcase> <!-- testPowTwoOfRation -->
  <testcase name="testPower" time="0.0" classname="com.epam.testng.parameterizedtests.PowTest">
    <ignored/>
  </testcase> <!-- testPower -->
  <testcase name="testPower" time="0.0" classname="com.epam.testng.parameterizedtests.PowTest">
    <ignored/>
  </testcase> <!-- testPower -->
  <testcase name="testPower" time="0.0" classname="com.epam.testng.parameterizedtests.PowTest">
    <ignored/>
  </testcase> <!-- testPower -->
  <testcase name="testPower" time="0.0" classname="com.epam.testng.parameterizedtests.PowTest">
    <ignored/>
  </testcase> <!-- testPower -->
  <testcase name="testPower" time="0.0" classname="com.epam.testng.parameterizedtests.PowTest">
    <ignored/>
  </testcase> <!-- testPower -->
</testsuite> <!-- PowerTest -->
