<?xml version="1.0" encoding="UTF-8"?>
<!-- Generated by org.testng.reporters.JUnitXMLReporter -->
<testsuite hostname="Tanyas-MacBook-Air.local" ignored="5" name="SinusTest" tests="2" failures="0" timestamp="15 Dec 2017 11:22:42 GMT" time="0.007" errors="0">
  <testcase name="testAnotherAngle" time="0.001" classname="com.epam.testng.basictests.BasicSinTest"/>
  <testcase name="testZeroAngle" time="0.0" classname="com.epam.testng.basictests.BasicSinTest"/>
  <testcase name="testNegativeAngle" time="0.0" classname="com.epam.testng.basictests.BasicSinTest">
    <ignored/>
  </testcase> <!-- testNegativeAngle -->
  <testcase name="testAngles" time="0.0" classname="com.epam.testng.parameterizedtests.SinTest">
    <ignored/>
  </testcase> <!-- testAngles -->
  <testcase name="testAngles" time="0.0" classname="com.epam.testng.parameterizedtests.SinTest">
    <ignored/>
  </testcase> <!-- testAngles -->
  <testcase name="testAngles" time="0.0" classname="com.epam.testng.parameterizedtests.SinTest">
    <ignored/>
  </testcase> <!-- testAngles -->
  <testcase name="testFullRotationAngle" time="0.0" classname="com.epam.testng.basictests.BasicSinTest">
    <ignored/>
  </testcase> <!-- testFullRotationAngle -->
</testsuite> <!-- SinusTest -->
