<?xml version="1.0" encoding="UTF-8"?>
<!-- Generated by org.testng.reporters.JUnitXMLReporter -->
<testsuite hostname="Tanyas-MacBook-Air.local" ignored="4" name="SubtractionTest" tests="12" failures="0" timestamp="15 Dec 2017 16:02:20 GMT" time="0.043" errors="0">
  <testcase name="subNegativeLongs" time="0.001" classname="com.epam.testng.basictests.BasicSubDoublesTest"/>
  <testcase name="subPositiveAndNegativeLongs" time="0.001" classname="com.epam.testng.basictests.BasicSubDoublesTest"/>
  <testcase name="subPositiveLongs" time="0.001" classname="com.epam.testng.basictests.BasicSubDoublesTest"/>
  <testcase name="subNegativeLongs" time="0.003" classname="com.epam.testng.basictests.BasicSubLongsTest"/>
  <testcase name="subPositiveAndNegativeLongs" time="0.001" classname="com.epam.testng.basictests.BasicSubLongsTest"/>
  <testcase name="subPositiveLongs" time="0.001" classname="com.epam.testng.basictests.BasicSubLongsTest"/>
  <testcase name="suNegativeLongs" time="0.001" classname="com.epam.testng.parameterizedtests.SubDoublesTest"/>
  <testcase name="suNegativeLongs" time="0.001" classname="com.epam.testng.parameterizedtests.SubDoublesTest"/>
  <testcase name="suNegativeLongs" time="0.001" classname="com.epam.testng.parameterizedtests.SubDoublesTest"/>
  <testcase name="subNegativeLongs" time="0.001" classname="com.epam.testng.parameterizedtests.SubLongsTest"/>
  <testcase name="subNegativeLongs" time="0.002" classname="com.epam.testng.parameterizedtests.SubLongsTest"/>
  <testcase name="subNegativeLongs" time="0.001" classname="com.epam.testng.parameterizedtests.SubLongsTest"/>
  <testcase name="subPositiveAndNegativeLongs" time="0.0" classname="com.epam.testng.parameterizedtests.SubDoublesTest">
    <ignored/>
  </testcase> <!-- subPositiveAndNegativeLongs -->
  <testcase name="subPositiveLongs" time="0.0" classname="com.epam.testng.parameterizedtests.SubLongsTest">
    <ignored/>
  </testcase> <!-- subPositiveLongs -->
  <testcase name="subPositiveAndNegativeLongs" time="0.0" classname="com.epam.testng.parameterizedtests.SubLongsTest">
    <ignored/>
  </testcase> <!-- subPositiveAndNegativeLongs -->
  <testcase name="subPositiveLongs" time="0.0" classname="com.epam.testng.parameterizedtests.SubDoublesTest">
    <ignored/>
  </testcase> <!-- subPositiveLongs -->
</testsuite> <!-- SubtractionTest -->
